Starting job 517497 on b[5291-5294] at Mon Jan 2 23:16:54 CET 2023

/cluster/work/users/chengsukun/simulations/test_sic1sit7_2019-10-18_1days_x_182cycles_memsize40/date1/inputs
/cluster/work/users/chengsukun/simulations/test_sic1sit7_2019-10-18_1days_x_182cycles_memsize40/date2/inputs
/cluster/work/users/chengsukun/simulations/test_sic1sit7_2019-10-18_1days_x_182cycles_memsize40/date3/inputs
/cluster/work/users/chengsukun/simulations/test_sic1sit7_2019-10-18_1days_x_182cycles_memsize40/date4/inputs
/cluster/work/users/chengsukun/simulations/test_sic1sit7_2019-10-18_1days_x_182cycles_memsize40/date5/inputs
/cluster/work/users/chengsukun/simulations/test_sic1sit7_2019-10-18_1days_x_182cycles_memsize40/date6/inputs
/cluster/work/users/chengsukun/simulations/test_sic1sit7_2019-10-18_1days_x_182cycles_memsize40/date7/inputs
/cluster/work/users/chengsukun/simulations/test_sic1sit7_2019-10-18_1days_x_182cycles_memsize40/date8/inputs
/cluster/work/users/chengsukun/simulations/test_sic1sit7_2019-10-18_1days_x_182cycles_memsize40/date9/inputs
/cluster/work/users/chengsukun/simulations/test_sic1sit7_2019-10-18_1days_x_182cycles_memsize40/date10/inputs
/cluster/work/users/chengsukun/simulations/test_sic1sit7_2019-10-18_1days_x_182cycles_memsize40/date11/inputs
/cluster/work/users/chengsukun/simulations/test_sic1sit7_2019-10-18_1days_x_182cycles_memsize40/date12/inputs
/cluster/work/users/chengsukun/simulations/test_sic1sit7_2019-10-18_1days_x_182cycles_memsize40/date13/inputs
/cluster/work/users/chengsukun/simulations/test_sic1sit7_2019-10-18_1days_x_182cycles_memsize40/date14/inputs
/cluster/work/users/chengsukun/simulations/test_sic1sit7_2019-10-18_1days_x_182cycles_memsize40/date15/inputs
/cluster/work/users/chengsukun/simulations/test_sic1sit7_2019-10-18_1days_x_182cycles_memsize40/date16/inputs
/cluster/work/users/chengsukun/simulations/test_sic1sit7_2019-10-18_1days_x_182cycles_memsize40/date17/inputs
/cluster/work/users/chengsukun/simulations/test_sic1sit7_2019-10-18_1days_x_182cycles_memsize40/date18/inputs
/cluster/work/users/chengsukun/simulations/test_sic1sit7_2019-10-18_1days_x_182cycles_memsize40/date19/inputs
/cluster/work/users/chengsukun/simulations/test_sic1sit7_2019-10-18_1days_x_182cycles_memsize40/date20/inputs
/cluster/work/users/chengsukun/simulations/test_sic1sit7_2019-10-18_1days_x_182cycles_memsize40/date21/inputs
/cluster/work/users/chengsukun/simulations/test_sic1sit7_2019-10-18_1days_x_182cycles_memsize40/date22/inputs
/cluster/work/users/chengsukun/simulations/test_sic1sit7_2019-10-18_1days_x_182cycles_memsize40/date23/inputs
/cluster/work/users/chengsukun/simulations/test_sic1sit7_2019-10-18_1days_x_182cycles_memsize40/date24/inputs
/cluster/work/users/chengsukun/simulations/test_sic1sit7_2019-10-18_1days_x_182cycles_memsize40/date25/inputs
/cluster/work/users/chengsukun/simulations/test_sic1sit7_2019-10-18_1days_x_182cycles_memsize40/date26/inputs
/cluster/work/users/chengsukun/simulations/test_sic1sit7_2019-10-18_1days_x_182cycles_memsize40/date27/inputs
/cluster/work/users/chengsukun/simulations/test_sic1sit7_2019-10-18_1days_x_182cycles_memsize40/date28/inputs
/cluster/work/users/chengsukun/simulations/test_sic1sit7_2019-10-18_1days_x_182cycles_memsize40/date29/inputs
/cluster/work/users/chengsukun/simulations/test_sic1sit7_2019-10-18_1days_x_182cycles_memsize40/date30/inputs
/cluster/work/users/chengsukun/simulations/test_sic1sit7_2019-10-18_1days_x_182cycles_memsize40/date31/inputs
/cluster/work/users/chengsukun/simulations/test_sic1sit7_2019-10-18_1days_x_182cycles_memsize40/date32/inputs
/cluster/work/users/chengsukun/simulations/test_sic1sit7_2019-10-18_1days_x_182cycles_memsize40/date33/inputs
/cluster/work/users/chengsukun/simulations/test_sic1sit7_2019-10-18_1days_x_182cycles_memsize40/date34/inputs
/cluster/work/users/chengsukun/simulations/test_sic1sit7_2019-10-18_1days_x_182cycles_memsize40/date35/inputs
/cluster/work/users/chengsukun/simulations/test_sic1sit7_2019-10-18_1days_x_182cycles_memsize40/date36/inputs
/cluster/work/users/chengsukun/simulations/test_sic1sit7_2019-10-18_1days_x_182cycles_memsize40/date37/inputs
/cluster/work/users/chengsukun/simulations/test_sic1sit7_2019-10-18_1days_x_182cycles_memsize40/date38/inputs
/cluster/work/users/chengsukun/simulations/test_sic1sit7_2019-10-18_1days_x_182cycles_memsize40/date39/inputs
/cluster/work/users/chengsukun/simulations/test_sic1sit7_2019-10-18_1days_x_182cycles_memsize40/date40/inputs
/cluster/work/users/chengsukun/simulations/test_sic1sit7_2019-10-18_1days_x_182cycles_memsize40/date41/inputs
/cluster/work/users/chengsukun/simulations/test_sic1sit7_2019-10-18_1days_x_182cycles_memsize40/date42/inputs
/cluster/work/users/chengsukun/simulations/test_sic1sit7_2019-10-18_1days_x_182cycles_memsize40/date43/inputs
/cluster/work/users/chengsukun/simulations/test_sic1sit7_2019-10-18_1days_x_182cycles_memsize40/date44/inputs
/cluster/work/users/chengsukun/simulations/test_sic1sit7_2019-10-18_1days_x_182cycles_memsize40/date45/inputs
/cluster/work/users/chengsukun/simulations/test_sic1sit7_2019-10-18_1days_x_182cycles_memsize40/date46/inputs
/cluster/work/users/chengsukun/simulations/test_sic1sit7_2019-10-18_1days_x_182cycles_memsize40/date47/inputs
/cluster/work/users/chengsukun/simulations/test_sic1sit7_2019-10-18_1days_x_182cycles_memsize40/date48/inputs
/cluster/work/users/chengsukun/simulations/test_sic1sit7_2019-10-18_1days_x_182cycles_memsize40/date49/inputs
/cluster/work/users/chengsukun/simulations/test_sic1sit7_2019-10-18_1days_x_182cycles_memsize40/date50/inputs
/cluster/work/users/chengsukun/simulations/test_sic1sit7_2019-10-18_1days_x_182cycles_memsize40/date51/inputs
/cluster/work/users/chengsukun/simulations/test_sic1sit7_2019-10-18_1days_x_182cycles_memsize40/date52/inputs
/cluster/work/users/chengsukun/simulations/test_sic1sit7_2019-10-18_1days_x_182cycles_memsize40/date53/inputs
/cluster/work/users/chengsukun/simulations/test_sic1sit7_2019-10-18_1days_x_182cycles_memsize40/date54/inputs
/cluster/work/users/chengsukun/simulations/test_sic1sit7_2019-10-18_1days_x_182cycles_memsize40/date55/inputs
/cluster/work/users/chengsukun/simulations/test_sic1sit7_2019-10-18_1days_x_182cycles_memsize40/date56/inputs
/cluster/work/users/chengsukun/simulations/test_sic1sit7_2019-10-18_1days_x_182cycles_memsize40/date57/inputs
/cluster/work/users/chengsukun/simulations/test_sic1sit7_2019-10-18_1days_x_182cycles_memsize40/date58/inputs
/cluster/work/users/chengsukun/simulations/test_sic1sit7_2019-10-18_1days_x_182cycles_memsize40/date59/inputs
/cluster/work/users/chengsukun/simulations/test_sic1sit7_2019-10-18_1days_x_182cycles_memsize40/date60/inputs
/cluster/work/users/chengsukun/simulations/test_sic1sit7_2019-10-18_1days_x_182cycles_memsize40/date61/inputs
/cluster/work/users/chengsukun/simulations/test_sic1sit7_2019-10-18_1days_x_182cycles_memsize40/date62/inputs
/cluster/work/users/chengsukun/simulations/test_sic1sit7_2019-10-18_1days_x_182cycles_memsize40/date63/inputs
links perturbation files to input_path/Perturbation using input file id
Try 1 , date 63 , start calculating member(s): 18
/cluster/work/users/chengsukun/simulations/test_sic1sit7_2019-10-18_1days_x_182cycles_memsize40/date63
Reading nextsim.cfg...
[INFO] : -----------------------Simulation started on 2023-Jan-02 23:18:13
[INFO] : TIMESTEP= 900 s
[INFO] : DURATION= 3 day(s)
[WARNING] : For best deformation scaling results, the ratio simul.timestep/t_damage should be < 10. (Currently it is 44.9992).  THE SPIRIT OF VERO IS WATCHING YOU
[INFO] :  ---------- progression: ( 0%) ---------- time spent: 00:00:19
Area of Triangle 9392 < 0 (det=0)
Area of Triangle 9474 < 0 (det=-5217470965642302)
Area of Triangle 9475 < 0 (det=-4988002099722048)
Area of Triangle 9476 < 0 (det=0)
Area of Triangle 9477 < 0 (det=0)
Area of Triangle 9481 < 0 (det=-5410246149819703)
Area of Triangle 9482 < 0 (det=-1161365016331485)
Area of Triangle 9483 < 0 (det=0)
Area of Triangle 9485 < 0 (det=0)
Area of Triangle 9551 < 0 (det=0)
Area of Triangle 9555 < 0 (det=0)
Area of Triangle 9583 < 0 (det=-95505304494037)
Area of Triangle 9584 < 0 (det=0)
Area of Triangle 9587 < 0 (det=-3369395371244865)
Area of Triangle 9591 < 0 (det=-1308125182920887)
Area of Triangle 9595 < 0 (det=0)
Area of Triangle 9596 < 0 (det=0)
Area of Triangle 9597 < 0 (det=0)
Area of Triangle 9598 < 0 (det=-4996246252154843)
terminate called after throwing an instance of 'ErrorException'
  what():  Fatal error: some triangles have negative areas, see above
srun: error: b5291: task 0: Aborted (core dumped)
srun: launch/slurm: _step_signal: Terminating StepId=517497.0
slurmstepd: error: *** STEP 517497.0 ON b5291 CANCELLED AT 2023-01-02T23:18:38 ***
srun: error: b5291: tasks 1-127: Terminated
srun: Force Terminated StepId=517497.0
Try 2 , date 63 , start calculating member(s): 18
/cluster/work/users/chengsukun/simulations/test_sic1sit7_2019-10-18_1days_x_182cycles_memsize40/date63
Reading nextsim.cfg...
[INFO] : -----------------------Simulation started on 2023-Jan-02 23:18:42
[INFO] : TIMESTEP= 900 s
[INFO] : DURATION= 3 day(s)
[WARNING] : For best deformation scaling results, the ratio simul.timestep/t_damage should be < 10. (Currently it is 44.9992).  THE SPIRIT OF VERO IS WATCHING YOU
[INFO] :  ---------- progression: ( 0%) ---------- time spent: 00:00:15
Area of Triangle 9392 < 0 (det=0)
Area of Triangle 9474 < 0 (det=-5217470932300230)
Area of Triangle 9475 < 0 (det=-4988003446362492)
Area of Triangle 9476 < 0 (det=0)
Area of Triangle 9477 < 0 (det=0)
Area of Triangle 9481 < 0 (det=-5410242784744753)
Area of Triangle 9482 < 0 (det=-1207614472379402)
Area of Triangle 9483 < 0 (det=0)
Area of Triangle 9485 < 0 (det=0)
Area of Triangle 9551 < 0 (det=0)
Area of Triangle 9555 < 0 (det=0)
Area of Triangle 9583 < 0 (det=-95505338482687)
Area of Triangle 9584 < 0 (det=0)
Area of Triangle 9587 < 0 (det=-3369396773466280)
Area of Triangle 9591 < 0 (det=-1308125235451437)
Area of Triangle 9595 < 0 (det=0)
Area of Triangle 9596 < 0 (det=0)
Area of Triangle 9597 < 0 (det=0)
Area of Triangle 9598 < 0 (det=-4996244819927296)
terminate called after throwing an instance of 'ErrorException'
  what():  Fatal error: some triangles have negative areas, see above
srun: error: b5291: task 0: Aborted (core dumped)
srun: launch/slurm: _step_signal: Terminating StepId=517497.1
slurmstepd: error: *** STEP 517497.1 ON b5291 CANCELLED AT 2023-01-02T23:19:04 ***
srun: error: b5291: tasks 1-127: Terminated
srun: Force Terminated StepId=517497.1
/cluster/work/users/chengsukun/simulations/test_sic1sit7_2019-10-18_1days_x_182cycles_memsize40/date64/inputs
/cluster/work/users/chengsukun/simulations/test_sic1sit7_2019-10-18_1days_x_182cycles_memsize40/date65/inputs
/cluster/work/users/chengsukun/simulations/test_sic1sit7_2019-10-18_1days_x_182cycles_memsize40/date66/inputs
/cluster/work/users/chengsukun/simulations/test_sic1sit7_2019-10-18_1days_x_182cycles_memsize40/date67/inputs
/cluster/work/users/chengsukun/simulations/test_sic1sit7_2019-10-18_1days_x_182cycles_memsize40/date68/inputs
/cluster/work/users/chengsukun/simulations/test_sic1sit7_2019-10-18_1days_x_182cycles_memsize40/date69/inputs
/cluster/work/users/chengsukun/simulations/test_sic1sit7_2019-10-18_1days_x_182cycles_memsize40/date70/inputs
/cluster/work/users/chengsukun/simulations/test_sic1sit7_2019-10-18_1days_x_182cycles_memsize40/date71/inputs
/cluster/work/users/chengsukun/simulations/test_sic1sit7_2019-10-18_1days_x_182cycles_memsize40/date72/inputs
/cluster/work/users/chengsukun/simulations/test_sic1sit7_2019-10-18_1days_x_182cycles_memsize40/date73/inputs
/cluster/work/users/chengsukun/simulations/test_sic1sit7_2019-10-18_1days_x_182cycles_memsize40/date74/inputs
/cluster/work/users/chengsukun/simulations/test_sic1sit7_2019-10-18_1days_x_182cycles_memsize40/date75/inputs
/cluster/work/users/chengsukun/simulations/test_sic1sit7_2019-10-18_1days_x_182cycles_memsize40/date76/inputs
/cluster/work/users/chengsukun/simulations/test_sic1sit7_2019-10-18_1days_x_182cycles_memsize40/date77/inputs
/cluster/work/users/chengsukun/simulations/test_sic1sit7_2019-10-18_1days_x_182cycles_memsize40/date78/inputs
/cluster/work/users/chengsukun/simulations/test_sic1sit7_2019-10-18_1days_x_182cycles_memsize40/date79/inputs
/cluster/work/users/chengsukun/simulations/test_sic1sit7_2019-10-18_1days_x_182cycles_memsize40/date80/inputs
/cluster/work/users/chengsukun/simulations/test_sic1sit7_2019-10-18_1days_x_182cycles_memsize40/date81/inputs
/cluster/work/users/chengsukun/simulations/test_sic1sit7_2019-10-18_1days_x_182cycles_memsize40/date82/inputs
/cluster/work/users/chengsukun/simulations/test_sic1sit7_2019-10-18_1days_x_182cycles_memsize40/date83/inputs
/cluster/work/users/chengsukun/simulations/test_sic1sit7_2019-10-18_1days_x_182cycles_memsize40/date84/inputs
/cluster/work/users/chengsukun/simulations/test_sic1sit7_2019-10-18_1days_x_182cycles_memsize40/date85/inputs
/cluster/work/users/chengsukun/simulations/test_sic1sit7_2019-10-18_1days_x_182cycles_memsize40/date86/inputs
/cluster/work/users/chengsukun/simulations/test_sic1sit7_2019-10-18_1days_x_182cycles_memsize40/date87/inputs
/cluster/work/users/chengsukun/simulations/test_sic1sit7_2019-10-18_1days_x_182cycles_memsize40/date88/inputs
/cluster/work/users/chengsukun/simulations/test_sic1sit7_2019-10-18_1days_x_182cycles_memsize40/date89/inputs
/cluster/work/users/chengsukun/simulations/test_sic1sit7_2019-10-18_1days_x_182cycles_memsize40/date90/inputs
/cluster/work/users/chengsukun/simulations/test_sic1sit7_2019-10-18_1days_x_182cycles_memsize40/date91/inputs
/cluster/work/users/chengsukun/simulations/test_sic1sit7_2019-10-18_1days_x_182cycles_memsize40/date92/inputs
/cluster/work/users/chengsukun/simulations/test_sic1sit7_2019-10-18_1days_x_182cycles_memsize40/date93/inputs
/cluster/work/users/chengsukun/simulations/test_sic1sit7_2019-10-18_1days_x_182cycles_memsize40/date94/inputs
/cluster/work/users/chengsukun/simulations/test_sic1sit7_2019-10-18_1days_x_182cycles_memsize40/date95/inputs
/cluster/work/users/chengsukun/simulations/test_sic1sit7_2019-10-18_1days_x_182cycles_memsize40/date96/inputs
/cluster/work/users/chengsukun/simulations/test_sic1sit7_2019-10-18_1days_x_182cycles_memsize40/date97/inputs
/cluster/work/users/chengsukun/simulations/test_sic1sit7_2019-10-18_1days_x_182cycles_memsize40/date98/inputs
/cluster/work/users/chengsukun/simulations/test_sic1sit7_2019-10-18_1days_x_182cycles_memsize40/date99/inputs
/cluster/work/users/chengsukun/simulations/test_sic1sit7_2019-10-18_1days_x_182cycles_memsize40/date100/inputs
/cluster/work/users/chengsukun/simulations/test_sic1sit7_2019-10-18_1days_x_182cycles_memsize40/date101/inputs
/cluster/work/users/chengsukun/simulations/test_sic1sit7_2019-10-18_1days_x_182cycles_memsize40/date102/inputs
/cluster/work/users/chengsukun/simulations/test_sic1sit7_2019-10-18_1days_x_182cycles_memsize40/date103/inputs
/cluster/work/users/chengsukun/simulations/test_sic1sit7_2019-10-18_1days_x_182cycles_memsize40/date104/inputs
/cluster/work/users/chengsukun/simulations/test_sic1sit7_2019-10-18_1days_x_182cycles_memsize40/date105/inputs
/cluster/work/users/chengsukun/simulations/test_sic1sit7_2019-10-18_1days_x_182cycles_memsize40/date106/inputs
/cluster/work/users/chengsukun/simulations/test_sic1sit7_2019-10-18_1days_x_182cycles_memsize40/date107/inputs
/cluster/work/users/chengsukun/simulations/test_sic1sit7_2019-10-18_1days_x_182cycles_memsize40/date108/inputs
/cluster/work/users/chengsukun/simulations/test_sic1sit7_2019-10-18_1days_x_182cycles_memsize40/date109/inputs
/cluster/work/users/chengsukun/simulations/test_sic1sit7_2019-10-18_1days_x_182cycles_memsize40/date110/inputs
/cluster/work/users/chengsukun/simulations/test_sic1sit7_2019-10-18_1days_x_182cycles_memsize40/date111/inputs
/cluster/work/users/chengsukun/simulations/test_sic1sit7_2019-10-18_1days_x_182cycles_memsize40/date112/inputs
/cluster/work/users/chengsukun/simulations/test_sic1sit7_2019-10-18_1days_x_182cycles_memsize40/date113/inputs
/cluster/work/users/chengsukun/simulations/test_sic1sit7_2019-10-18_1days_x_182cycles_memsize40/date114/inputs
/cluster/work/users/chengsukun/simulations/test_sic1sit7_2019-10-18_1days_x_182cycles_memsize40/date115/inputs
/cluster/work/users/chengsukun/simulations/test_sic1sit7_2019-10-18_1days_x_182cycles_memsize40/date116/inputs
/cluster/work/users/chengsukun/simulations/test_sic1sit7_2019-10-18_1days_x_182cycles_memsize40/date117/inputs
/cluster/work/users/chengsukun/simulations/test_sic1sit7_2019-10-18_1days_x_182cycles_memsize40/date118/inputs
/cluster/work/users/chengsukun/simulations/test_sic1sit7_2019-10-18_1days_x_182cycles_memsize40/date119/inputs
/cluster/work/users/chengsukun/simulations/test_sic1sit7_2019-10-18_1days_x_182cycles_memsize40/date120/inputs
/cluster/work/users/chengsukun/simulations/test_sic1sit7_2019-10-18_1days_x_182cycles_memsize40/date121/inputs
/cluster/work/users/chengsukun/simulations/test_sic1sit7_2019-10-18_1days_x_182cycles_memsize40/date122/inputs
/cluster/work/users/chengsukun/simulations/test_sic1sit7_2019-10-18_1days_x_182cycles_memsize40/date123/inputs
/cluster/work/users/chengsukun/simulations/test_sic1sit7_2019-10-18_1days_x_182cycles_memsize40/date124/inputs
/cluster/work/users/chengsukun/simulations/test_sic1sit7_2019-10-18_1days_x_182cycles_memsize40/date125/inputs
/cluster/work/users/chengsukun/simulations/test_sic1sit7_2019-10-18_1days_x_182cycles_memsize40/date126/inputs
/cluster/work/users/chengsukun/simulations/test_sic1sit7_2019-10-18_1days_x_182cycles_memsize40/date127/inputs
/cluster/work/users/chengsukun/simulations/test_sic1sit7_2019-10-18_1days_x_182cycles_memsize40/date128/inputs
/cluster/work/users/chengsukun/simulations/test_sic1sit7_2019-10-18_1days_x_182cycles_memsize40/date129/inputs
/cluster/work/users/chengsukun/simulations/test_sic1sit7_2019-10-18_1days_x_182cycles_memsize40/date130/inputs
/cluster/work/users/chengsukun/simulations/test_sic1sit7_2019-10-18_1days_x_182cycles_memsize40/date131/inputs
/cluster/work/users/chengsukun/simulations/test_sic1sit7_2019-10-18_1days_x_182cycles_memsize40/date132/inputs
/cluster/work/users/chengsukun/simulations/test_sic1sit7_2019-10-18_1days_x_182cycles_memsize40/date133/inputs
/cluster/work/users/chengsukun/simulations/test_sic1sit7_2019-10-18_1days_x_182cycles_memsize40/date134/inputs
/cluster/work/users/chengsukun/simulations/test_sic1sit7_2019-10-18_1days_x_182cycles_memsize40/date135/inputs
/cluster/work/users/chengsukun/simulations/test_sic1sit7_2019-10-18_1days_x_182cycles_memsize40/date136/inputs
/cluster/work/users/chengsukun/simulations/test_sic1sit7_2019-10-18_1days_x_182cycles_memsize40/date137/inputs
/cluster/work/users/chengsukun/simulations/test_sic1sit7_2019-10-18_1days_x_182cycles_memsize40/date138/inputs
/cluster/work/users/chengsukun/simulations/test_sic1sit7_2019-10-18_1days_x_182cycles_memsize40/date139/inputs
/cluster/work/users/chengsukun/simulations/test_sic1sit7_2019-10-18_1days_x_182cycles_memsize40/date140/inputs
/cluster/work/users/chengsukun/simulations/test_sic1sit7_2019-10-18_1days_x_182cycles_memsize40/date141/inputs
/cluster/work/users/chengsukun/simulations/test_sic1sit7_2019-10-18_1days_x_182cycles_memsize40/date142/inputs
/cluster/work/users/chengsukun/simulations/test_sic1sit7_2019-10-18_1days_x_182cycles_memsize40/date143/inputs
/cluster/work/users/chengsukun/simulations/test_sic1sit7_2019-10-18_1days_x_182cycles_memsize40/date144/inputs
/cluster/work/users/chengsukun/simulations/test_sic1sit7_2019-10-18_1days_x_182cycles_memsize40/date145/inputs
/cluster/work/users/chengsukun/simulations/test_sic1sit7_2019-10-18_1days_x_182cycles_memsize40/date146/inputs
/cluster/work/users/chengsukun/simulations/test_sic1sit7_2019-10-18_1days_x_182cycles_memsize40/date147/inputs
/cluster/work/users/chengsukun/simulations/test_sic1sit7_2019-10-18_1days_x_182cycles_memsize40/date148/inputs
/cluster/work/users/chengsukun/simulations/test_sic1sit7_2019-10-18_1days_x_182cycles_memsize40/date149/inputs
/cluster/work/users/chengsukun/simulations/test_sic1sit7_2019-10-18_1days_x_182cycles_memsize40/date150/inputs
/cluster/work/users/chengsukun/simulations/test_sic1sit7_2019-10-18_1days_x_182cycles_memsize40/date151/inputs
/cluster/work/users/chengsukun/simulations/test_sic1sit7_2019-10-18_1days_x_182cycles_memsize40/date152/inputs
/cluster/work/users/chengsukun/simulations/test_sic1sit7_2019-10-18_1days_x_182cycles_memsize40/date153/inputs
/cluster/work/users/chengsukun/simulations/test_sic1sit7_2019-10-18_1days_x_182cycles_memsize40/date154/inputs
/cluster/work/users/chengsukun/simulations/test_sic1sit7_2019-10-18_1days_x_182cycles_memsize40/date155/inputs
/cluster/work/users/chengsukun/simulations/test_sic1sit7_2019-10-18_1days_x_182cycles_memsize40/date156/inputs
/cluster/work/users/chengsukun/simulations/test_sic1sit7_2019-10-18_1days_x_182cycles_memsize40/date157/inputs
/cluster/work/users/chengsukun/simulations/test_sic1sit7_2019-10-18_1days_x_182cycles_memsize40/date158/inputs
/cluster/work/users/chengsukun/simulations/test_sic1sit7_2019-10-18_1days_x_182cycles_memsize40/date159/inputs
/cluster/work/users/chengsukun/simulations/test_sic1sit7_2019-10-18_1days_x_182cycles_memsize40/date160/inputs
/cluster/work/users/chengsukun/simulations/test_sic1sit7_2019-10-18_1days_x_182cycles_memsize40/date161/inputs
/cluster/work/users/chengsukun/simulations/test_sic1sit7_2019-10-18_1days_x_182cycles_memsize40/date162/inputs
/cluster/work/users/chengsukun/simulations/test_sic1sit7_2019-10-18_1days_x_182cycles_memsize40/date163/inputs
/cluster/work/users/chengsukun/simulations/test_sic1sit7_2019-10-18_1days_x_182cycles_memsize40/date164/inputs
/cluster/work/users/chengsukun/simulations/test_sic1sit7_2019-10-18_1days_x_182cycles_memsize40/date165/inputs
/cluster/work/users/chengsukun/simulations/test_sic1sit7_2019-10-18_1days_x_182cycles_memsize40/date166/inputs
/cluster/work/users/chengsukun/simulations/test_sic1sit7_2019-10-18_1days_x_182cycles_memsize40/date167/inputs
/cluster/work/users/chengsukun/simulations/test_sic1sit7_2019-10-18_1days_x_182cycles_memsize40/date168/inputs
/cluster/work/users/chengsukun/simulations/test_sic1sit7_2019-10-18_1days_x_182cycles_memsize40/date169/inputs
links perturbation files to input_path/Perturbation using input file id
Try 1 , date 169 , start calculating member(s): 4
/cluster/work/users/chengsukun/simulations/test_sic1sit7_2019-10-18_1days_x_182cycles_memsize40/date169
Reading nextsim.cfg...
[INFO] : -----------------------Simulation started on 2023-Jan-02 23:20:44
[INFO] : TIMESTEP= 900 s
[INFO] : DURATION= 3 day(s)
[WARNING] : For best deformation scaling results, the ratio simul.timestep/t_damage should be < 10. (Currently it is 44.9992).  THE SPIRIT OF VERO IS WATCHING YOU
[INFO] :  ---------- progression: ( 0%) ---------- time spent: 00:00:18
[INFO] :  ---------- progression: ( 5%) ---------- time spent: 00:00:19
[INFO] :  ---------- progression: (10%) ---------- time spent: 00:00:23
[INFO] :  ---------- progression: (15%) ---------- time spent: 00:00:24
Area of Triangle 1 < 0 (det=0)
Area of Triangle 2 < 0 (det=0)
Area of Triangle 3 < 0 (det=0)
Area of Triangle 4 < 0 (det=0)
Area of Triangle 5 < 0 (det=0)
Area of Triangle 6 < 0 (det=0)
Area of Triangle 7 < 0 (det=0)
Area of Triangle 8 < 0 (det=0)
Area of Triangle 9 < 0 (det=0)
Area of Triangle 10 < 0 (det=0)
Area of Triangle 11 < 0 (det=0)
Area of Triangle 12 < 0 (det=0)
Area of Triangle 13 < 0 (det=0)
Area of Triangle 14 < 0 (det=0)
Area of Triangle 15 < 0 (det=0)
Area of Triangle 16 < 0 (det=0)
Area of Triangle 17 < 0 (det=0)
Area of Triangle 18 < 0 (det=0)
Area of Triangle 19 < 0 (det=0)
terminate called after throwing an instance of 'ErrorException'
  what():  Fatal error: some triangles have negative areas, see above
srun: error: b5291: task 0: Aborted (core dumped)
srun: launch/slurm: _step_signal: Terminating StepId=517497.2
slurmstepd: error: *** STEP 517497.2 ON b5291 CANCELLED AT 2023-01-02T23:21:14 ***
srun: error: b5291: tasks 1-127: Terminated
srun: Force Terminated StepId=517497.2
Try 2 , date 169 , start calculating member(s): 4
/cluster/work/users/chengsukun/simulations/test_sic1sit7_2019-10-18_1days_x_182cycles_memsize40/date169
Reading nextsim.cfg...
[INFO] : -----------------------Simulation started on 2023-Jan-02 23:21:18
[INFO] : TIMESTEP= 900 s
[INFO] : DURATION= 3 day(s)
[WARNING] : For best deformation scaling results, the ratio simul.timestep/t_damage should be < 10. (Currently it is 44.9992).  THE SPIRIT OF VERO IS WATCHING YOU
[INFO] :  ---------- progression: ( 0%) ---------- time spent: 00:00:15
[INFO] :  ---------- progression: ( 5%) ---------- time spent: 00:00:16
[INFO] :  ---------- progression: (10%) ---------- time spent: 00:00:19
[INFO] :  ---------- progression: (15%) ---------- time spent: 00:00:20
Area of Triangle 1 < 0 (det=0)
Area of Triangle 2 < 0 (det=0)
Area of Triangle 3 < 0 (det=0)
Area of Triangle 4 < 0 (det=0)
Area of Triangle 5 < 0 (det=0)
Area of Triangle 6 < 0 (det=0)
Area of Triangle 7 < 0 (det=0)
Area of Triangle 8 < 0 (det=0)
Area of Triangle 9 < 0 (det=0)
Area of Triangle 10 < 0 (det=0)
Area of Triangle 11 < 0 (det=0)
Area of Triangle 12 < 0 (det=0)
Area of Triangle 13 < 0 (det=0)
Area of Triangle 14 < 0 (det=0)
Area of Triangle 15 < 0 (det=0)
Area of Triangle 16 < 0 (det=0)
Area of Triangle 17 < 0 (det=0)
Area of Triangle 18 < 0 (det=0)
Area of Triangle 19 < 0 (det=0)
terminate called after throwing an instance of 'ErrorException'
  what():  Fatal error: some triangles have negative areas, see above
srun: error: b5291: task 0: Aborted (core dumped)
srun: launch/slurm: _step_signal: Terminating StepId=517497.3
slurmstepd: error: *** STEP 517497.3 ON b5291 CANCELLED AT 2023-01-02T23:21:43 ***
srun: error: b5291: tasks 1-127: Terminated
srun: Force Terminated StepId=517497.3
/cluster/work/users/chengsukun/simulations/test_sic1sit7_2019-10-18_1days_x_182cycles_memsize40/date170/inputs
/cluster/work/users/chengsukun/simulations/test_sic1sit7_2019-10-18_1days_x_182cycles_memsize40/date171/inputs
/cluster/work/users/chengsukun/simulations/test_sic1sit7_2019-10-18_1days_x_182cycles_memsize40/date172/inputs
/cluster/work/users/chengsukun/simulations/test_sic1sit7_2019-10-18_1days_x_182cycles_memsize40/date173/inputs
/cluster/work/users/chengsukun/simulations/test_sic1sit7_2019-10-18_1days_x_182cycles_memsize40/date174/inputs
/cluster/work/users/chengsukun/simulations/test_sic1sit7_2019-10-18_1days_x_182cycles_memsize40/date175/inputs
/cluster/work/users/chengsukun/simulations/test_sic1sit7_2019-10-18_1days_x_182cycles_memsize40/date176/inputs
/cluster/work/users/chengsukun/simulations/test_sic1sit7_2019-10-18_1days_x_182cycles_memsize40/date177/inputs
/cluster/work/users/chengsukun/simulations/test_sic1sit7_2019-10-18_1days_x_182cycles_memsize40/date178/inputs
/cluster/work/users/chengsukun/simulations/test_sic1sit7_2019-10-18_1days_x_182cycles_memsize40/date179/inputs
/cluster/work/users/chengsukun/simulations/test_sic1sit7_2019-10-18_1days_x_182cycles_memsize40/date180/inputs
/cluster/work/users/chengsukun/simulations/test_sic1sit7_2019-10-18_1days_x_182cycles_memsize40/date181/inputs
/cluster/work/users/chengsukun/simulations/test_sic1sit7_2019-10-18_1days_x_182cycles_memsize40/date182/inputs

Task and CPU usage stats:
JobID           JobName  AllocCPUS   NTasks     MinCPU MinCPUTask     AveCPU    Elapsed ExitCode 
------------ ---------- ---------- -------- ---------- ---------- ---------- ---------- -------- 
517497         sic1sit7        512                                             00:05:02      0:0 
517497.batch      batch        128        1   00:00:03          0   00:00:03   00:05:02      0:0 
517497.exte+     extern        512        4   00:00:00          2   00:00:00   00:05:03      0:0 
517497.0     nextsim.e+        128      128   00:00:22          0   00:00:31   00:00:38      0:6 
517497.1     nextsim.e+        128      128   00:00:18          0   00:00:23   00:00:25      0:6 
517497.2     nextsim.e+        128      128   00:00:27          0   00:00:31   00:00:34      0:6 
517497.3     nextsim.e+        128      128   00:00:18          0   00:00:27   00:00:29      0:6 

Memory usage stats:
JobID            MaxRSS MaxRSSTask     AveRSS MaxPages   MaxPagesTask   AvePages 
------------ ---------- ---------- ---------- -------- -------------- ---------- 
517497                                                                           
517497.batch      9063K          0      9063K       17              0          0 
517497.exte+       864K          0     873728        2              0          1 
517497.0        330535K          0  121330464      236              0         17 
517497.1        574748K          0  123461080        0              0          0 
517497.2       1326786K          0  129992568        0              0          0 
517497.3        324385K          0  122033968        0              0          0 

Disk usage stats:
JobID         MaxDiskRead MaxDiskReadTask    AveDiskRead MaxDiskWrite MaxDiskWriteTask   AveDiskWrite 
------------ ------------ --------------- -------------- ------------ ---------------- -------------- 
517497                                                                                                
517497.batch       82.81M               0         82.81M        0.38M                0          0.38M 
517497.exte+        0.00M               2          0.00M            0                2              0 
517497.0          243.51M               0        149.76M       12.57M                0          0.10M 
517497.1          243.64M               0        149.93M       12.59M                0          0.10M 
517497.2          293.52M               0        167.92M       12.59M                0          0.10M 
517497.3          269.37M               0        167.81M       12.59M                0          0.10M 

Job 517497 completed at Mon Jan 2 23:21:57 CET 2023
