cp -r /cluster/home/chengsukun/src/nextsim/model/bin .
cp /cluster/home/chengsukun/src/fram_job_submit_panel/fram_sukun/slurm.template.sh slurm.nextsim.sh
Finished modifying slurm.nextsim.sh
sbatch slurm.nextsim.sh /cluster/work/users/chengsukun/src/IO_nextsim/neXtSIM_test07_13_wind_perturbation/date1/ENS1/nextsim.cfg -e /cluster/home/chengsukun/nextsim.ensemble.src
Submitted batch job 336492
cp -r /cluster/home/chengsukun/src/nextsim/model/bin .
cp /cluster/home/chengsukun/src/fram_job_submit_panel/fram_sukun/slurm.template.sh slurm.nextsim.sh
Finished modifying slurm.nextsim.sh
sbatch slurm.nextsim.sh /cluster/work/users/chengsukun/src/IO_nextsim/neXtSIM_test07_13_wind_perturbation/date1/ENS2/nextsim.cfg -e /cluster/home/chengsukun/nextsim.ensemble.src
Submitted batch job 336493
cp -r /cluster/home/chengsukun/src/nextsim/model/bin .
cp /cluster/home/chengsukun/src/fram_job_submit_panel/fram_sukun/slurm.template.sh slurm.nextsim.sh
Finished modifying slurm.nextsim.sh
sbatch slurm.nextsim.sh /cluster/work/users/chengsukun/src/IO_nextsim/neXtSIM_test07_13_wind_perturbation/date1/ENS3/nextsim.cfg -e /cluster/home/chengsukun/nextsim.ensemble.src
Submitted batch job 336494
cp -r /cluster/home/chengsukun/src/nextsim/model/bin .
cp /cluster/home/chengsukun/src/fram_job_submit_panel/fram_sukun/slurm.template.sh slurm.nextsim.sh
Finished modifying slurm.nextsim.sh
sbatch slurm.nextsim.sh /cluster/work/users/chengsukun/src/IO_nextsim/neXtSIM_test07_13_wind_perturbation/date1/ENS4/nextsim.cfg -e /cluster/home/chengsukun/nextsim.ensemble.src
Submitted batch job 336495
cp -r /cluster/home/chengsukun/src/nextsim/model/bin .
cp /cluster/home/chengsukun/src/fram_job_submit_panel/fram_sukun/slurm.template.sh slurm.nextsim.sh
Finished modifying slurm.nextsim.sh
sbatch slurm.nextsim.sh /cluster/work/users/chengsukun/src/IO_nextsim/neXtSIM_test07_13_wind_perturbation/date1/ENS5/nextsim.cfg -e /cluster/home/chengsukun/nextsim.ensemble.src
Submitted batch job 336496
cp -r /cluster/home/chengsukun/src/nextsim/model/bin .
cp /cluster/home/chengsukun/src/fram_job_submit_panel/fram_sukun/slurm.template.sh slurm.nextsim.sh
Finished modifying slurm.nextsim.sh
sbatch slurm.nextsim.sh /cluster/work/users/chengsukun/src/IO_nextsim/neXtSIM_test07_13_wind_perturbation/date1/ENS6/nextsim.cfg -e /cluster/home/chengsukun/nextsim.ensemble.src
Submitted batch job 336497
cp -r /cluster/home/chengsukun/src/nextsim/model/bin .
cp /cluster/home/chengsukun/src/fram_job_submit_panel/fram_sukun/slurm.template.sh slurm.nextsim.sh
Finished modifying slurm.nextsim.sh
sbatch slurm.nextsim.sh /cluster/work/users/chengsukun/src/IO_nextsim/neXtSIM_test07_13_wind_perturbation/date1/ENS7/nextsim.cfg -e /cluster/home/chengsukun/nextsim.ensemble.src
Submitted batch job 336498
cp -r /cluster/home/chengsukun/src/nextsim/model/bin .
cp /cluster/home/chengsukun/src/fram_job_submit_panel/fram_sukun/slurm.template.sh slurm.nextsim.sh
Finished modifying slurm.nextsim.sh
sbatch slurm.nextsim.sh /cluster/work/users/chengsukun/src/IO_nextsim/neXtSIM_test07_13_wind_perturbation/date1/ENS8/nextsim.cfg -e /cluster/home/chengsukun/nextsim.ensemble.src
Submitted batch job 336499
cp -r /cluster/home/chengsukun/src/nextsim/model/bin .
cp /cluster/home/chengsukun/src/fram_job_submit_panel/fram_sukun/slurm.template.sh slurm.nextsim.sh
Finished modifying slurm.nextsim.sh
sbatch slurm.nextsim.sh /cluster/work/users/chengsukun/src/IO_nextsim/neXtSIM_test07_13_wind_perturbation/date1/ENS9/nextsim.cfg -e /cluster/home/chengsukun/nextsim.ensemble.src
Submitted batch job 336500
cp -r /cluster/home/chengsukun/src/nextsim/model/bin .
cp /cluster/home/chengsukun/src/fram_job_submit_panel/fram_sukun/slurm.template.sh slurm.nextsim.sh
Finished modifying slurm.nextsim.sh
sbatch slurm.nextsim.sh /cluster/work/users/chengsukun/src/IO_nextsim/neXtSIM_test07_13_wind_perturbation/date1/ENS10/nextsim.cfg -e /cluster/home/chengsukun/nextsim.ensemble.src
Submitted batch job 336501
cp -r /cluster/home/chengsukun/src/nextsim/model/bin .
cp /cluster/home/chengsukun/src/fram_job_submit_panel/fram_sukun/slurm.template.sh slurm.nextsim.sh
Finished modifying slurm.nextsim.sh
sbatch slurm.nextsim.sh /cluster/work/users/chengsukun/src/IO_nextsim/neXtSIM_test07_13_wind_perturbation/date1/ENS11/nextsim.cfg -e /cluster/home/chengsukun/nextsim.ensemble.src
Submitted batch job 336502
cp -r /cluster/home/chengsukun/src/nextsim/model/bin .
cp /cluster/home/chengsukun/src/fram_job_submit_panel/fram_sukun/slurm.template.sh slurm.nextsim.sh
Finished modifying slurm.nextsim.sh
sbatch slurm.nextsim.sh /cluster/work/users/chengsukun/src/IO_nextsim/neXtSIM_test07_13_wind_perturbation/date1/ENS12/nextsim.cfg -e /cluster/home/chengsukun/nextsim.ensemble.src
Submitted batch job 336503
cp -r /cluster/home/chengsukun/src/nextsim/model/bin .
cp /cluster/home/chengsukun/src/fram_job_submit_panel/fram_sukun/slurm.template.sh slurm.nextsim.sh
Finished modifying slurm.nextsim.sh
sbatch slurm.nextsim.sh /cluster/work/users/chengsukun/src/IO_nextsim/neXtSIM_test07_13_wind_perturbation/date1/ENS13/nextsim.cfg -e /cluster/home/chengsukun/nextsim.ensemble.src
Submitted batch job 336504
cp -r /cluster/home/chengsukun/src/nextsim/model/bin .
cp /cluster/home/chengsukun/src/fram_job_submit_panel/fram_sukun/slurm.template.sh slurm.nextsim.sh
Finished modifying slurm.nextsim.sh
sbatch slurm.nextsim.sh /cluster/work/users/chengsukun/src/IO_nextsim/neXtSIM_test07_13_wind_perturbation/date1/ENS14/nextsim.cfg -e /cluster/home/chengsukun/nextsim.ensemble.src
Submitted batch job 336505
cp -r /cluster/home/chengsukun/src/nextsim/model/bin .
cp /cluster/home/chengsukun/src/fram_job_submit_panel/fram_sukun/slurm.template.sh slurm.nextsim.sh
Finished modifying slurm.nextsim.sh
sbatch slurm.nextsim.sh /cluster/work/users/chengsukun/src/IO_nextsim/neXtSIM_test07_13_wind_perturbation/date1/ENS15/nextsim.cfg -e /cluster/home/chengsukun/nextsim.ensemble.src
Submitted batch job 336506
cp -r /cluster/home/chengsukun/src/nextsim/model/bin .
cp /cluster/home/chengsukun/src/fram_job_submit_panel/fram_sukun/slurm.template.sh slurm.nextsim.sh
Finished modifying slurm.nextsim.sh
sbatch slurm.nextsim.sh /cluster/work/users/chengsukun/src/IO_nextsim/neXtSIM_test07_13_wind_perturbation/date1/ENS16/nextsim.cfg -e /cluster/home/chengsukun/nextsim.ensemble.src
Submitted batch job 336507
cp -r /cluster/home/chengsukun/src/nextsim/model/bin .
cp /cluster/home/chengsukun/src/fram_job_submit_panel/fram_sukun/slurm.template.sh slurm.nextsim.sh
Finished modifying slurm.nextsim.sh
sbatch slurm.nextsim.sh /cluster/work/users/chengsukun/src/IO_nextsim/neXtSIM_test07_13_wind_perturbation/date1/ENS17/nextsim.cfg -e /cluster/home/chengsukun/nextsim.ensemble.src
Submitted batch job 336508
cp -r /cluster/home/chengsukun/src/nextsim/model/bin .
cp /cluster/home/chengsukun/src/fram_job_submit_panel/fram_sukun/slurm.template.sh slurm.nextsim.sh
Finished modifying slurm.nextsim.sh
sbatch slurm.nextsim.sh /cluster/work/users/chengsukun/src/IO_nextsim/neXtSIM_test07_13_wind_perturbation/date1/ENS18/nextsim.cfg -e /cluster/home/chengsukun/nextsim.ensemble.src
Submitted batch job 336509
cp -r /cluster/home/chengsukun/src/nextsim/model/bin .
cp /cluster/home/chengsukun/src/fram_job_submit_panel/fram_sukun/slurm.template.sh slurm.nextsim.sh
Finished modifying slurm.nextsim.sh
sbatch slurm.nextsim.sh /cluster/work/users/chengsukun/src/IO_nextsim/neXtSIM_test07_13_wind_perturbation/date1/ENS19/nextsim.cfg -e /cluster/home/chengsukun/nextsim.ensemble.src
Submitted batch job 336510
cp -r /cluster/home/chengsukun/src/nextsim/model/bin .
cp /cluster/home/chengsukun/src/fram_job_submit_panel/fram_sukun/slurm.template.sh slurm.nextsim.sh
Finished modifying slurm.nextsim.sh
sbatch slurm.nextsim.sh /cluster/work/users/chengsukun/src/IO_nextsim/neXtSIM_test07_13_wind_perturbation/date1/ENS20/nextsim.cfg -e /cluster/home/chengsukun/nextsim.ensemble.src
Submitted batch job 336511
