
Task and CPU usage stats:
JobID           JobName  AllocCPUS   NTasks     MinCPU MinCPUTask     AveCPU    Elapsed ExitCode 
------------ ---------- ---------- -------- ---------- ---------- ---------- ---------- -------- 
396464          nextsim        128                                             00:00:42      0:0 
396464.batch      batch        128        1   00:00:00          0   00:00:00   00:00:42     0:15 
396464.exte+     extern        128        1   00:00:00          0   00:00:00   00:00:42      0:0 
396464.0     nextsim.e+        128      128   00:00:00         72   00:00:05   00:00:10      0:6 
396464.1     nextsim.e+        128      128   00:00:00          1   00:00:01   00:00:02      0:6 
396464.2     nextsim.e+        128      128   00:00:00          1   00:00:01   00:00:03      0:6 
396464.3     nextsim.e+        128      128   00:00:00          2   00:00:01   00:00:03      0:6 
396464.4     nextsim.e+        128      128   00:00:00         47   00:00:01   00:00:03      0:6 
396464.5     nextsim.e+        128      128   00:00:00          3   00:00:01   00:00:03      0:6 
396464.6     nextsim.e+        128      128   00:00:00          2   00:00:01   00:00:02      0:6 
396464.7     nextsim.e+        128      128   00:00:00          4   00:00:01   00:00:03      0:6 
396464.8     nextsim.e+        128      128   00:00:00          3   00:00:01   00:00:03      0:6 
396464.9     nextsim.e+        128      128   00:00:00          1   00:00:01   00:00:03      0:6 
396464.10    nextsim.e+        128      128   00:00:00          2   00:00:01   00:00:03      0:6 
396464.11    nextsim.e+        128      128   00:00:00          1   00:00:01   00:00:02      0:6 
396464.12    nextsim.e+        128      128   00:00:00          8   00:00:00   00:00:04     0:15 

Memory usage stats:
JobID            MaxRSS MaxRSSTask     AveRSS MaxPages   MaxPagesTask   AvePages 
------------ ---------- ---------- ---------- -------- -------------- ---------- 
396464                                                                           
396464.batch      8746K          0      8746K       18              0          0 
396464.exte+       847K          0       847K        1              0          1 
396464.0         11924K          0     600272       45            100         14 
396464.1         11982K         21    1066768        0              1          0 
396464.2         11917K          0    1206992        0              1          0 
396464.3         11964K         16     738288        0              2          0 
396464.4         11948K         22    1513464        0             47          0 
396464.5         12004K         17     913280        0              3          0 
396464.6         12423K         24    1829512        0              2          0 
396464.7         12150K         19    1568744        0              4          0 
396464.8         12029K         20    1668360        0              3          0 
396464.9         11913K         16    1085344        0              1          0 
396464.10        27016K         14   1282.50K        0              2          0 
396464.11        12007K         18    1706440        0              1          0 
396464.12          229K         96     170840        0              8          0 

Disk usage stats:
JobID         MaxDiskRead MaxDiskReadTask    AveDiskRead MaxDiskWrite MaxDiskWriteTask   AveDiskWrite 
------------ ------------ --------------- -------------- ------------ ---------------- -------------- 
396464                                                                                                
396464.batch        3.50M               0          3.50M        0.60M                0          0.60M 
396464.exte+        0.00M               0          0.00M            0                0              0 
396464.0            0.57M             100          0.57M        0.00M              100          0.00M 
396464.1            0.57M             106          0.56M        0.00M              100          0.00M 
396464.2            0.57M              13          0.56M        0.00M              100          0.00M 
396464.3            0.57M              62          0.57M        0.00M              100          0.00M 
396464.4            0.57M             125          0.57M        0.00M              100          0.00M 
396464.5            0.57M             114          0.56M        0.00M              100          0.00M 
396464.6            0.57M              88          0.56M        0.00M              100          0.00M 
396464.7            0.57M              12          0.56M        0.00M              100          0.00M 
396464.8            0.57M              11          0.57M        0.00M              100          0.00M 
396464.9            0.57M              22          0.56M        0.00M              100          0.00M 
396464.10           0.57M              13          0.56M        0.00M              100          0.00M 
396464.11           0.57M              10          0.56M        0.00M              100          0.00M 
396464.12           0.03M              80          0.03M        0.00M                1          0.00M 

Job 396464 completed at Fri Jul 22 11:42:06 CEST 2022
