=========  0 0 0 0
work path: /cluster/home/chengsukun/src/IO_nextsim/test_Ne1_T4_D7/I1_L100_R1_K1
start period 2018-11-11
Part1 initialize files system
  cd ENSPATH/filter & get a copy of reference_grid.nc 
  get enkf-c configs, check enkf.prm, grid.prm,obs.prm, obsstypes.prm, model.prm
Done
Part 2. Forecast and assimilation
  skip ensemble forecasting
start period 2018-11-18
Part1 initialize files system
  cd ENSPATH/filter & get a copy of reference_grid.nc 
  get enkf-c configs, check enkf.prm, grid.prm,obs.prm, obsstypes.prm, model.prm
Done
Part 2. Forecast and assimilation
Ensemble runs start
  submit member 1 as ID: 735609
  1 jobs are running
  1 jobs are running
  submit member 1 as ID: 735616
