Starting job 265631 on b[1101-1105,1110-1112,1120-1126,1128-1130,1206-1210,1212-1214,1234-1243,3301-3304] at Fri Dec 3 08:40:21 CET 2021

work path: /cluster/work/users/chengsukun/simulations/test_sic1sit7_2019-10-18_1days_x_182cycles_memsize40
period 2019-10-18 to 20191019
 Initialize files system, write nextsim.cfg to workpath
  get enkf-c configs, check enkf.prm, grid.prm,obs.prm, obsstypes.prm, model.prm & executable files
  add observations path to /cluster/work/users/chengsukun/simulations/test_sic1sit7_2019-10-18_1days_x_182cycles_memsize40/date1/filter/obs.prm
period 2019-10-19 to 20191020
 Initialize files system, write nextsim.cfg to workpath
  get enkf-c configs, check enkf.prm, grid.prm,obs.prm, obsstypes.prm, model.prm & executable files
  add observations path to /cluster/work/users/chengsukun/simulations/test_sic1sit7_2019-10-18_1days_x_182cycles_memsize40/date2/filter/obs.prm
period 2019-10-20 to 20191021
 Initialize files system, write nextsim.cfg to workpath
  get enkf-c configs, check enkf.prm, grid.prm,obs.prm, obsstypes.prm, model.prm & executable files
  add observations path to /cluster/work/users/chengsukun/simulations/test_sic1sit7_2019-10-18_1days_x_182cycles_memsize40/date3/filter/obs.prm
period 2019-10-21 to 20191022
 Initialize files system, write nextsim.cfg to workpath
  get enkf-c configs, check enkf.prm, grid.prm,obs.prm, obsstypes.prm, model.prm & executable files
  add observations path to /cluster/work/users/chengsukun/simulations/test_sic1sit7_2019-10-18_1days_x_182cycles_memsize40/date4/filter/obs.prm
period 2019-10-22 to 20191023
 Initialize files system, write nextsim.cfg to workpath
  get enkf-c configs, check enkf.prm, grid.prm,obs.prm, obsstypes.prm, model.prm & executable files
  add observations path to /cluster/work/users/chengsukun/simulations/test_sic1sit7_2019-10-18_1days_x_182cycles_memsize40/date5/filter/obs.prm
period 2019-10-23 to 20191024
 Initialize files system, write nextsim.cfg to workpath
  get enkf-c configs, check enkf.prm, grid.prm,obs.prm, obsstypes.prm, model.prm & executable files
  add observations path to /cluster/work/users/chengsukun/simulations/test_sic1sit7_2019-10-18_1days_x_182cycles_memsize40/date6/filter/obs.prm
period 2019-10-24 to 20191025
 Initialize files system, write nextsim.cfg to workpath
  get enkf-c configs, check enkf.prm, grid.prm,obs.prm, obsstypes.prm, model.prm & executable files
  add observations path to /cluster/work/users/chengsukun/simulations/test_sic1sit7_2019-10-18_1days_x_182cycles_memsize40/date7/filter/obs.prm
period 2019-10-25 to 20191026
 Initialize files system, write nextsim.cfg to workpath
  get enkf-c configs, check enkf.prm, grid.prm,obs.prm, obsstypes.prm, model.prm & executable files
  add observations path to /cluster/work/users/chengsukun/simulations/test_sic1sit7_2019-10-18_1days_x_182cycles_memsize40/date8/filter/obs.prm
period 2019-10-26 to 20191027
 Initialize files system, write nextsim.cfg to workpath
  get enkf-c configs, check enkf.prm, grid.prm,obs.prm, obsstypes.prm, model.prm & executable files
  add observations path to /cluster/work/users/chengsukun/simulations/test_sic1sit7_2019-10-18_1days_x_182cycles_memsize40/date9/filter/obs.prm
period 2019-10-27 to 20191028
 Initialize files system, write nextsim.cfg to workpath
  get enkf-c configs, check enkf.prm, grid.prm,obs.prm, obsstypes.prm, model.prm & executable files
  add observations path to /cluster/work/users/chengsukun/simulations/test_sic1sit7_2019-10-18_1days_x_182cycles_memsize40/date10/filter/obs.prm
period 2019-10-28 to 20191029
 Initialize files system, write nextsim.cfg to workpath
  get enkf-c configs, check enkf.prm, grid.prm,obs.prm, obsstypes.prm, model.prm & executable files
  add observations path to /cluster/work/users/chengsukun/simulations/test_sic1sit7_2019-10-18_1days_x_182cycles_memsize40/date11/filter/obs.prm
period 2019-10-29 to 20191030
 Initialize files system, write nextsim.cfg to workpath
  get enkf-c configs, check enkf.prm, grid.prm,obs.prm, obsstypes.prm, model.prm & executable files
  add observations path to /cluster/work/users/chengsukun/simulations/test_sic1sit7_2019-10-18_1days_x_182cycles_memsize40/date12/filter/obs.prm
period 2019-10-30 to 20191031
 Initialize files system, write nextsim.cfg to workpath
  get enkf-c configs, check enkf.prm, grid.prm,obs.prm, obsstypes.prm, model.prm & executable files
  add observations path to /cluster/work/users/chengsukun/simulations/test_sic1sit7_2019-10-18_1days_x_182cycles_memsize40/date13/filter/obs.prm
period 2019-10-31 to 20191101
 Initialize files system, write nextsim.cfg to workpath
  get enkf-c configs, check enkf.prm, grid.prm,obs.prm, obsstypes.prm, model.prm & executable files
  add observations path to /cluster/work/users/chengsukun/simulations/test_sic1sit7_2019-10-18_1days_x_182cycles_memsize40/date14/filter/obs.prm
period 2019-11-01 to 20191102
 Initialize files system, write nextsim.cfg to workpath
  get enkf-c configs, check enkf.prm, grid.prm,obs.prm, obsstypes.prm, model.prm & executable files
  add observations path to /cluster/work/users/chengsukun/simulations/test_sic1sit7_2019-10-18_1days_x_182cycles_memsize40/date15/filter/obs.prm
period 2019-11-02 to 20191103
 Initialize files system, write nextsim.cfg to workpath
  get enkf-c configs, check enkf.prm, grid.prm,obs.prm, obsstypes.prm, model.prm & executable files
  add observations path to /cluster/work/users/chengsukun/simulations/test_sic1sit7_2019-10-18_1days_x_182cycles_memsize40/date16/filter/obs.prm
period 2019-11-03 to 20191104
 Initialize files system, write nextsim.cfg to workpath
  get enkf-c configs, check enkf.prm, grid.prm,obs.prm, obsstypes.prm, model.prm & executable files
  add observations path to /cluster/work/users/chengsukun/simulations/test_sic1sit7_2019-10-18_1days_x_182cycles_memsize40/date17/filter/obs.prm
period 2019-11-04 to 20191105
 Initialize files system, write nextsim.cfg to workpath
  get enkf-c configs, check enkf.prm, grid.prm,obs.prm, obsstypes.prm, model.prm & executable files
  add observations path to /cluster/work/users/chengsukun/simulations/test_sic1sit7_2019-10-18_1days_x_182cycles_memsize40/date18/filter/obs.prm
period 2019-11-05 to 20191106
 Initialize files system, write nextsim.cfg to workpath
  get enkf-c configs, check enkf.prm, grid.prm,obs.prm, obsstypes.prm, model.prm & executable files
  add observations path to /cluster/work/users/chengsukun/simulations/test_sic1sit7_2019-10-18_1days_x_182cycles_memsize40/date19/filter/obs.prm
period 2019-11-06 to 20191107
 Initialize files system, write nextsim.cfg to workpath
  get enkf-c configs, check enkf.prm, grid.prm,obs.prm, obsstypes.prm, model.prm & executable files
  add observations path to /cluster/work/users/chengsukun/simulations/test_sic1sit7_2019-10-18_1days_x_182cycles_memsize40/date20/filter/obs.prm
period 2019-11-07 to 20191108
 Initialize files system, write nextsim.cfg to workpath
  get enkf-c configs, check enkf.prm, grid.prm,obs.prm, obsstypes.prm, model.prm & executable files
  add observations path to /cluster/work/users/chengsukun/simulations/test_sic1sit7_2019-10-18_1days_x_182cycles_memsize40/date21/filter/obs.prm
period 2019-11-08 to 20191109
 Initialize files system, write nextsim.cfg to workpath
  get enkf-c configs, check enkf.prm, grid.prm,obs.prm, obsstypes.prm, model.prm & executable files
  add observations path to /cluster/work/users/chengsukun/simulations/test_sic1sit7_2019-10-18_1days_x_182cycles_memsize40/date22/filter/obs.prm
period 2019-11-09 to 20191110
 Initialize files system, write nextsim.cfg to workpath
  get enkf-c configs, check enkf.prm, grid.prm,obs.prm, obsstypes.prm, model.prm & executable files
  add observations path to /cluster/work/users/chengsukun/simulations/test_sic1sit7_2019-10-18_1days_x_182cycles_memsize40/date23/filter/obs.prm
period 2019-11-10 to 20191111
 Initialize files system, write nextsim.cfg to workpath
  get enkf-c configs, check enkf.prm, grid.prm,obs.prm, obsstypes.prm, model.prm & executable files
  add observations path to /cluster/work/users/chengsukun/simulations/test_sic1sit7_2019-10-18_1days_x_182cycles_memsize40/date24/filter/obs.prm
period 2019-11-11 to 20191112
 Initialize files system, write nextsim.cfg to workpath
  get enkf-c configs, check enkf.prm, grid.prm,obs.prm, obsstypes.prm, model.prm & executable files
  add observations path to /cluster/work/users/chengsukun/simulations/test_sic1sit7_2019-10-18_1days_x_182cycles_memsize40/date25/filter/obs.prm
period 2019-11-12 to 20191113
 Initialize files system, write nextsim.cfg to workpath
  get enkf-c configs, check enkf.prm, grid.prm,obs.prm, obsstypes.prm, model.prm & executable files
  add observations path to /cluster/work/users/chengsukun/simulations/test_sic1sit7_2019-10-18_1days_x_182cycles_memsize40/date26/filter/obs.prm
period 2019-11-13 to 20191114
 Initialize files system, write nextsim.cfg to workpath
  get enkf-c configs, check enkf.prm, grid.prm,obs.prm, obsstypes.prm, model.prm & executable files
  add observations path to /cluster/work/users/chengsukun/simulations/test_sic1sit7_2019-10-18_1days_x_182cycles_memsize40/date27/filter/obs.prm
period 2019-11-14 to 20191115
 Initialize files system, write nextsim.cfg to workpath
  get enkf-c configs, check enkf.prm, grid.prm,obs.prm, obsstypes.prm, model.prm & executable files
  add observations path to /cluster/work/users/chengsukun/simulations/test_sic1sit7_2019-10-18_1days_x_182cycles_memsize40/date28/filter/obs.prm
period 2019-11-15 to 20191116
 Initialize files system, write nextsim.cfg to workpath
  get enkf-c configs, check enkf.prm, grid.prm,obs.prm, obsstypes.prm, model.prm & executable files
  add observations path to /cluster/work/users/chengsukun/simulations/test_sic1sit7_2019-10-18_1days_x_182cycles_memsize40/date29/filter/obs.prm
period 2019-11-16 to 20191117
 Initialize files system, write nextsim.cfg to workpath
  get enkf-c configs, check enkf.prm, grid.prm,obs.prm, obsstypes.prm, model.prm & executable files
  add observations path to /cluster/work/users/chengsukun/simulations/test_sic1sit7_2019-10-18_1days_x_182cycles_memsize40/date30/filter/obs.prm
period 2019-11-17 to 20191118
 Initialize files system, write nextsim.cfg to workpath
  get enkf-c configs, check enkf.prm, grid.prm,obs.prm, obsstypes.prm, model.prm & executable files
  add observations path to /cluster/work/users/chengsukun/simulations/test_sic1sit7_2019-10-18_1days_x_182cycles_memsize40/date31/filter/obs.prm
period 2019-11-18 to 20191119
 Initialize files system, write nextsim.cfg to workpath
  get enkf-c configs, check enkf.prm, grid.prm,obs.prm, obsstypes.prm, model.prm & executable files
  add observations path to /cluster/work/users/chengsukun/simulations/test_sic1sit7_2019-10-18_1days_x_182cycles_memsize40/date32/filter/obs.prm
period 2019-11-19 to 20191120
 Initialize files system, write nextsim.cfg to workpath
  get enkf-c configs, check enkf.prm, grid.prm,obs.prm, obsstypes.prm, model.prm & executable files
  add observations path to /cluster/work/users/chengsukun/simulations/test_sic1sit7_2019-10-18_1days_x_182cycles_memsize40/date33/filter/obs.prm
period 2019-11-20 to 20191121
 Initialize files system, write nextsim.cfg to workpath
  get enkf-c configs, check enkf.prm, grid.prm,obs.prm, obsstypes.prm, model.prm & executable files
  add observations path to /cluster/work/users/chengsukun/simulations/test_sic1sit7_2019-10-18_1days_x_182cycles_memsize40/date34/filter/obs.prm
period 2019-11-21 to 20191122
 Initialize files system, write nextsim.cfg to workpath
  get enkf-c configs, check enkf.prm, grid.prm,obs.prm, obsstypes.prm, model.prm & executable files
  add observations path to /cluster/work/users/chengsukun/simulations/test_sic1sit7_2019-10-18_1days_x_182cycles_memsize40/date35/filter/obs.prm
period 2019-11-22 to 20191123
 Initialize files system, write nextsim.cfg to workpath
  get enkf-c configs, check enkf.prm, grid.prm,obs.prm, obsstypes.prm, model.prm & executable files
  add observations path to /cluster/work/users/chengsukun/simulations/test_sic1sit7_2019-10-18_1days_x_182cycles_memsize40/date36/filter/obs.prm
period 2019-11-23 to 20191124
 Initialize files system, write nextsim.cfg to workpath
  get enkf-c configs, check enkf.prm, grid.prm,obs.prm, obsstypes.prm, model.prm & executable files
  add observations path to /cluster/work/users/chengsukun/simulations/test_sic1sit7_2019-10-18_1days_x_182cycles_memsize40/date37/filter/obs.prm
period 2019-11-24 to 20191125
 Initialize files system, write nextsim.cfg to workpath
  get enkf-c configs, check enkf.prm, grid.prm,obs.prm, obsstypes.prm, model.prm & executable files
  add observations path to /cluster/work/users/chengsukun/simulations/test_sic1sit7_2019-10-18_1days_x_182cycles_memsize40/date38/filter/obs.prm
period 2019-11-25 to 20191126
 Initialize files system, write nextsim.cfg to workpath
  get enkf-c configs, check enkf.prm, grid.prm,obs.prm, obsstypes.prm, model.prm & executable files
  add observations path to /cluster/work/users/chengsukun/simulations/test_sic1sit7_2019-10-18_1days_x_182cycles_memsize40/date39/filter/obs.prm
period 2019-11-26 to 20191127
 Initialize files system, write nextsim.cfg to workpath
  get enkf-c configs, check enkf.prm, grid.prm,obs.prm, obsstypes.prm, model.prm & executable files
  add observations path to /cluster/work/users/chengsukun/simulations/test_sic1sit7_2019-10-18_1days_x_182cycles_memsize40/date40/filter/obs.prm
period 2019-11-27 to 20191128
 Initialize files system, write nextsim.cfg to workpath
  get enkf-c configs, check enkf.prm, grid.prm,obs.prm, obsstypes.prm, model.prm & executable files
  add observations path to /cluster/work/users/chengsukun/simulations/test_sic1sit7_2019-10-18_1days_x_182cycles_memsize40/date41/filter/obs.prm
period 2019-11-28 to 20191129
 Initialize files system, write nextsim.cfg to workpath
  get enkf-c configs, check enkf.prm, grid.prm,obs.prm, obsstypes.prm, model.prm & executable files
  add observations path to /cluster/work/users/chengsukun/simulations/test_sic1sit7_2019-10-18_1days_x_182cycles_memsize40/date42/filter/obs.prm
period 2019-11-29 to 20191130
 Initialize files system, write nextsim.cfg to workpath
  get enkf-c configs, check enkf.prm, grid.prm,obs.prm, obsstypes.prm, model.prm & executable files
  add observations path to /cluster/work/users/chengsukun/simulations/test_sic1sit7_2019-10-18_1days_x_182cycles_memsize40/date43/filter/obs.prm
period 2019-11-30 to 20191201
 Initialize files system, write nextsim.cfg to workpath
  get enkf-c configs, check enkf.prm, grid.prm,obs.prm, obsstypes.prm, model.prm & executable files
  add observations path to /cluster/work/users/chengsukun/simulations/test_sic1sit7_2019-10-18_1days_x_182cycles_memsize40/date44/filter/obs.prm
period 2019-12-01 to 20191202
 Initialize files system, write nextsim.cfg to workpath
  get enkf-c configs, check enkf.prm, grid.prm,obs.prm, obsstypes.prm, model.prm & executable files
  add observations path to /cluster/work/users/chengsukun/simulations/test_sic1sit7_2019-10-18_1days_x_182cycles_memsize40/date45/filter/obs.prm
period 2019-12-02 to 20191203
 Initialize files system, write nextsim.cfg to workpath
  get enkf-c configs, check enkf.prm, grid.prm,obs.prm, obsstypes.prm, model.prm & executable files
  add observations path to /cluster/work/users/chengsukun/simulations/test_sic1sit7_2019-10-18_1days_x_182cycles_memsize40/date46/filter/obs.prm
period 2019-12-03 to 20191204
 Initialize files system, write nextsim.cfg to workpath
  get enkf-c configs, check enkf.prm, grid.prm,obs.prm, obsstypes.prm, model.prm & executable files
  add observations path to /cluster/work/users/chengsukun/simulations/test_sic1sit7_2019-10-18_1days_x_182cycles_memsize40/date47/filter/obs.prm
period 2019-12-04 to 20191205
 Initialize files system, write nextsim.cfg to workpath
  get enkf-c configs, check enkf.prm, grid.prm,obs.prm, obsstypes.prm, model.prm & executable files
  add observations path to /cluster/work/users/chengsukun/simulations/test_sic1sit7_2019-10-18_1days_x_182cycles_memsize40/date48/filter/obs.prm
period 2019-12-05 to 20191206
 Initialize files system, write nextsim.cfg to workpath
  get enkf-c configs, check enkf.prm, grid.prm,obs.prm, obsstypes.prm, model.prm & executable files
  add observations path to /cluster/work/users/chengsukun/simulations/test_sic1sit7_2019-10-18_1days_x_182cycles_memsize40/date49/filter/obs.prm
period 2019-12-06 to 20191207
 Initialize files system, write nextsim.cfg to workpath
  get enkf-c configs, check enkf.prm, grid.prm,obs.prm, obsstypes.prm, model.prm & executable files
  add observations path to /cluster/work/users/chengsukun/simulations/test_sic1sit7_2019-10-18_1days_x_182cycles_memsize40/date50/filter/obs.prm
period 2019-12-07 to 20191208
 Initialize files system, write nextsim.cfg to workpath
  get enkf-c configs, check enkf.prm, grid.prm,obs.prm, obsstypes.prm, model.prm & executable files
  add observations path to /cluster/work/users/chengsukun/simulations/test_sic1sit7_2019-10-18_1days_x_182cycles_memsize40/date51/filter/obs.prm
period 2019-12-08 to 20191209
 Initialize files system, write nextsim.cfg to workpath
  get enkf-c configs, check enkf.prm, grid.prm,obs.prm, obsstypes.prm, model.prm & executable files
  add observations path to /cluster/work/users/chengsukun/simulations/test_sic1sit7_2019-10-18_1days_x_182cycles_memsize40/date52/filter/obs.prm
period 2019-12-09 to 20191210
 Initialize files system, write nextsim.cfg to workpath
  get enkf-c configs, check enkf.prm, grid.prm,obs.prm, obsstypes.prm, model.prm & executable files
  add observations path to /cluster/work/users/chengsukun/simulations/test_sic1sit7_2019-10-18_1days_x_182cycles_memsize40/date53/filter/obs.prm
period 2019-12-10 to 20191211
 Initialize files system, write nextsim.cfg to workpath
  get enkf-c configs, check enkf.prm, grid.prm,obs.prm, obsstypes.prm, model.prm & executable files
  add observations path to /cluster/work/users/chengsukun/simulations/test_sic1sit7_2019-10-18_1days_x_182cycles_memsize40/date54/filter/obs.prm
period 2019-12-11 to 20191212
 Initialize files system, write nextsim.cfg to workpath
  get enkf-c configs, check enkf.prm, grid.prm,obs.prm, obsstypes.prm, model.prm & executable files
  add observations path to /cluster/work/users/chengsukun/simulations/test_sic1sit7_2019-10-18_1days_x_182cycles_memsize40/date55/filter/obs.prm
period 2019-12-12 to 20191213
 Initialize files system, write nextsim.cfg to workpath
  get enkf-c configs, check enkf.prm, grid.prm,obs.prm, obsstypes.prm, model.prm & executable files
  add observations path to /cluster/work/users/chengsukun/simulations/test_sic1sit7_2019-10-18_1days_x_182cycles_memsize40/date56/filter/obs.prm
period 2019-12-13 to 20191214
 Initialize files system, write nextsim.cfg to workpath
  get enkf-c configs, check enkf.prm, grid.prm,obs.prm, obsstypes.prm, model.prm & executable files
  add observations path to /cluster/work/users/chengsukun/simulations/test_sic1sit7_2019-10-18_1days_x_182cycles_memsize40/date57/filter/obs.prm
period 2019-12-14 to 20191215
 Initialize files system, write nextsim.cfg to workpath
  get enkf-c configs, check enkf.prm, grid.prm,obs.prm, obsstypes.prm, model.prm & executable files
  add observations path to /cluster/work/users/chengsukun/simulations/test_sic1sit7_2019-10-18_1days_x_182cycles_memsize40/date58/filter/obs.prm
period 2019-12-15 to 20191216
 Initialize files system, write nextsim.cfg to workpath
  get enkf-c configs, check enkf.prm, grid.prm,obs.prm, obsstypes.prm, model.prm & executable files
  add observations path to /cluster/work/users/chengsukun/simulations/test_sic1sit7_2019-10-18_1days_x_182cycles_memsize40/date59/filter/obs.prm
period 2019-12-16 to 20191217
 Initialize files system, write nextsim.cfg to workpath
  get enkf-c configs, check enkf.prm, grid.prm,obs.prm, obsstypes.prm, model.prm & executable files
  add observations path to /cluster/work/users/chengsukun/simulations/test_sic1sit7_2019-10-18_1days_x_182cycles_memsize40/date60/filter/obs.prm
period 2019-12-17 to 20191218
 Initialize files system, write nextsim.cfg to workpath
  get enkf-c configs, check enkf.prm, grid.prm,obs.prm, obsstypes.prm, model.prm & executable files
  add observations path to /cluster/work/users/chengsukun/simulations/test_sic1sit7_2019-10-18_1days_x_182cycles_memsize40/date61/filter/obs.prm
period 2019-12-18 to 20191219
 Initialize files system, write nextsim.cfg to workpath
  get enkf-c configs, check enkf.prm, grid.prm,obs.prm, obsstypes.prm, model.prm & executable files
  add observations path to /cluster/work/users/chengsukun/simulations/test_sic1sit7_2019-10-18_1days_x_182cycles_memsize40/date62/filter/obs.prm
period 2019-12-19 to 20191220
 Initialize files system, write nextsim.cfg to workpath
  get enkf-c configs, check enkf.prm, grid.prm,obs.prm, obsstypes.prm, model.prm & executable files
  add observations path to /cluster/work/users/chengsukun/simulations/test_sic1sit7_2019-10-18_1days_x_182cycles_memsize40/date63/filter/obs.prm
period 2019-12-20 to 20191221
 Initialize files system, write nextsim.cfg to workpath
  get enkf-c configs, check enkf.prm, grid.prm,obs.prm, obsstypes.prm, model.prm & executable files
  add observations path to /cluster/work/users/chengsukun/simulations/test_sic1sit7_2019-10-18_1days_x_182cycles_memsize40/date64/filter/obs.prm
period 2019-12-21 to 20191222
 Initialize files system, write nextsim.cfg to workpath
  get enkf-c configs, check enkf.prm, grid.prm,obs.prm, obsstypes.prm, model.prm & executable files
  add observations path to /cluster/work/users/chengsukun/simulations/test_sic1sit7_2019-10-18_1days_x_182cycles_memsize40/date65/filter/obs.prm
period 2019-12-22 to 20191223
 Initialize files system, write nextsim.cfg to workpath
  get enkf-c configs, check enkf.prm, grid.prm,obs.prm, obsstypes.prm, model.prm & executable files
  add observations path to /cluster/work/users/chengsukun/simulations/test_sic1sit7_2019-10-18_1days_x_182cycles_memsize40/date66/filter/obs.prm
period 2019-12-23 to 20191224
 Initialize files system, write nextsim.cfg to workpath
  get enkf-c configs, check enkf.prm, grid.prm,obs.prm, obsstypes.prm, model.prm & executable files
  add observations path to /cluster/work/users/chengsukun/simulations/test_sic1sit7_2019-10-18_1days_x_182cycles_memsize40/date67/filter/obs.prm
period 2019-12-24 to 20191225
 Initialize files system, write nextsim.cfg to workpath
  get enkf-c configs, check enkf.prm, grid.prm,obs.prm, obsstypes.prm, model.prm & executable files
  add observations path to /cluster/work/users/chengsukun/simulations/test_sic1sit7_2019-10-18_1days_x_182cycles_memsize40/date68/filter/obs.prm
period 2019-12-25 to 20191226
 Initialize files system, write nextsim.cfg to workpath
  get enkf-c configs, check enkf.prm, grid.prm,obs.prm, obsstypes.prm, model.prm & executable files
  add observations path to /cluster/work/users/chengsukun/simulations/test_sic1sit7_2019-10-18_1days_x_182cycles_memsize40/date69/filter/obs.prm
period 2019-12-26 to 20191227
 Initialize files system, write nextsim.cfg to workpath
  get enkf-c configs, check enkf.prm, grid.prm,obs.prm, obsstypes.prm, model.prm & executable files
  add observations path to /cluster/work/users/chengsukun/simulations/test_sic1sit7_2019-10-18_1days_x_182cycles_memsize40/date70/filter/obs.prm
period 2019-12-27 to 20191228
 Initialize files system, write nextsim.cfg to workpath
  get enkf-c configs, check enkf.prm, grid.prm,obs.prm, obsstypes.prm, model.prm & executable files
  add observations path to /cluster/work/users/chengsukun/simulations/test_sic1sit7_2019-10-18_1days_x_182cycles_memsize40/date71/filter/obs.prm
period 2019-12-28 to 20191229
 Initialize files system, write nextsim.cfg to workpath
  get enkf-c configs, check enkf.prm, grid.prm,obs.prm, obsstypes.prm, model.prm & executable files
  add observations path to /cluster/work/users/chengsukun/simulations/test_sic1sit7_2019-10-18_1days_x_182cycles_memsize40/date72/filter/obs.prm
period 2019-12-29 to 20191230
 Initialize files system, write nextsim.cfg to workpath
  get enkf-c configs, check enkf.prm, grid.prm,obs.prm, obsstypes.prm, model.prm & executable files
  add observations path to /cluster/work/users/chengsukun/simulations/test_sic1sit7_2019-10-18_1days_x_182cycles_memsize40/date73/filter/obs.prm
period 2019-12-30 to 20191231
 Initialize files system, write nextsim.cfg to workpath
  get enkf-c configs, check enkf.prm, grid.prm,obs.prm, obsstypes.prm, model.prm & executable files
  add observations path to /cluster/work/users/chengsukun/simulations/test_sic1sit7_2019-10-18_1days_x_182cycles_memsize40/date74/filter/obs.prm
period 2019-12-31 to 20200101
 Initialize files system, write nextsim.cfg to workpath
  get enkf-c configs, check enkf.prm, grid.prm,obs.prm, obsstypes.prm, model.prm & executable files
  add observations path to /cluster/work/users/chengsukun/simulations/test_sic1sit7_2019-10-18_1days_x_182cycles_memsize40/date75/filter/obs.prm
period 2020-01-01 to 20200102
 Initialize files system, write nextsim.cfg to workpath
  get enkf-c configs, check enkf.prm, grid.prm,obs.prm, obsstypes.prm, model.prm & executable files
  add observations path to /cluster/work/users/chengsukun/simulations/test_sic1sit7_2019-10-18_1days_x_182cycles_memsize40/date76/filter/obs.prm
period 2020-01-02 to 20200103
 Initialize files system, write nextsim.cfg to workpath
  get enkf-c configs, check enkf.prm, grid.prm,obs.prm, obsstypes.prm, model.prm & executable files
  add observations path to /cluster/work/users/chengsukun/simulations/test_sic1sit7_2019-10-18_1days_x_182cycles_memsize40/date77/filter/obs.prm
period 2020-01-03 to 20200104
 Initialize files system, write nextsim.cfg to workpath
  get enkf-c configs, check enkf.prm, grid.prm,obs.prm, obsstypes.prm, model.prm & executable files
  add observations path to /cluster/work/users/chengsukun/simulations/test_sic1sit7_2019-10-18_1days_x_182cycles_memsize40/date78/filter/obs.prm
period 2020-01-04 to 20200105
 Initialize files system, write nextsim.cfg to workpath
  get enkf-c configs, check enkf.prm, grid.prm,obs.prm, obsstypes.prm, model.prm & executable files
  add observations path to /cluster/work/users/chengsukun/simulations/test_sic1sit7_2019-10-18_1days_x_182cycles_memsize40/date79/filter/obs.prm
period 2020-01-05 to 20200106
 Initialize files system, write nextsim.cfg to workpath
  get enkf-c configs, check enkf.prm, grid.prm,obs.prm, obsstypes.prm, model.prm & executable files
  add observations path to /cluster/work/users/chengsukun/simulations/test_sic1sit7_2019-10-18_1days_x_182cycles_memsize40/date80/filter/obs.prm
period 2020-01-06 to 20200107
 Initialize files system, write nextsim.cfg to workpath
  get enkf-c configs, check enkf.prm, grid.prm,obs.prm, obsstypes.prm, model.prm & executable files
  add observations path to /cluster/work/users/chengsukun/simulations/test_sic1sit7_2019-10-18_1days_x_182cycles_memsize40/date81/filter/obs.prm
period 2020-01-07 to 20200108
 Initialize files system, write nextsim.cfg to workpath
  get enkf-c configs, check enkf.prm, grid.prm,obs.prm, obsstypes.prm, model.prm & executable files
  add observations path to /cluster/work/users/chengsukun/simulations/test_sic1sit7_2019-10-18_1days_x_182cycles_memsize40/date82/filter/obs.prm
period 2020-01-08 to 20200109
 Initialize files system, write nextsim.cfg to workpath
  get enkf-c configs, check enkf.prm, grid.prm,obs.prm, obsstypes.prm, model.prm & executable files
  add observations path to /cluster/work/users/chengsukun/simulations/test_sic1sit7_2019-10-18_1days_x_182cycles_memsize40/date83/filter/obs.prm
period 2020-01-09 to 20200110
 Initialize files system, write nextsim.cfg to workpath
  get enkf-c configs, check enkf.prm, grid.prm,obs.prm, obsstypes.prm, model.prm & executable files
  add observations path to /cluster/work/users/chengsukun/simulations/test_sic1sit7_2019-10-18_1days_x_182cycles_memsize40/date84/filter/obs.prm
period 2020-01-10 to 20200111
 Initialize files system, write nextsim.cfg to workpath
  get enkf-c configs, check enkf.prm, grid.prm,obs.prm, obsstypes.prm, model.prm & executable files
  add observations path to /cluster/work/users/chengsukun/simulations/test_sic1sit7_2019-10-18_1days_x_182cycles_memsize40/date85/filter/obs.prm
period 2020-01-11 to 20200112
 Initialize files system, write nextsim.cfg to workpath
  get enkf-c configs, check enkf.prm, grid.prm,obs.prm, obsstypes.prm, model.prm & executable files
  add observations path to /cluster/work/users/chengsukun/simulations/test_sic1sit7_2019-10-18_1days_x_182cycles_memsize40/date86/filter/obs.prm
period 2020-01-12 to 20200113
 Initialize files system, write nextsim.cfg to workpath
  get enkf-c configs, check enkf.prm, grid.prm,obs.prm, obsstypes.prm, model.prm & executable files
  add observations path to /cluster/work/users/chengsukun/simulations/test_sic1sit7_2019-10-18_1days_x_182cycles_memsize40/date87/filter/obs.prm
period 2020-01-13 to 20200114
 Initialize files system, write nextsim.cfg to workpath
  get enkf-c configs, check enkf.prm, grid.prm,obs.prm, obsstypes.prm, model.prm & executable files
  add observations path to /cluster/work/users/chengsukun/simulations/test_sic1sit7_2019-10-18_1days_x_182cycles_memsize40/date88/filter/obs.prm
period 2020-01-14 to 20200115
 Initialize files system, write nextsim.cfg to workpath
  get enkf-c configs, check enkf.prm, grid.prm,obs.prm, obsstypes.prm, model.prm & executable files
  add observations path to /cluster/work/users/chengsukun/simulations/test_sic1sit7_2019-10-18_1days_x_182cycles_memsize40/date89/filter/obs.prm
period 2020-01-15 to 20200116
 Initialize files system, write nextsim.cfg to workpath
  get enkf-c configs, check enkf.prm, grid.prm,obs.prm, obsstypes.prm, model.prm & executable files
  add observations path to /cluster/work/users/chengsukun/simulations/test_sic1sit7_2019-10-18_1days_x_182cycles_memsize40/date90/filter/obs.prm
period 2020-01-16 to 20200117
 Initialize files system, write nextsim.cfg to workpath
  get enkf-c configs, check enkf.prm, grid.prm,obs.prm, obsstypes.prm, model.prm & executable files
  add observations path to /cluster/work/users/chengsukun/simulations/test_sic1sit7_2019-10-18_1days_x_182cycles_memsize40/date91/filter/obs.prm
period 2020-01-17 to 20200118
 Initialize files system, write nextsim.cfg to workpath
  get enkf-c configs, check enkf.prm, grid.prm,obs.prm, obsstypes.prm, model.prm & executable files
  add observations path to /cluster/work/users/chengsukun/simulations/test_sic1sit7_2019-10-18_1days_x_182cycles_memsize40/date92/filter/obs.prm
period 2020-01-18 to 20200119
 Initialize files system, write nextsim.cfg to workpath
  get enkf-c configs, check enkf.prm, grid.prm,obs.prm, obsstypes.prm, model.prm & executable files
  add observations path to /cluster/work/users/chengsukun/simulations/test_sic1sit7_2019-10-18_1days_x_182cycles_memsize40/date93/filter/obs.prm
period 2020-01-19 to 20200120
 Initialize files system, write nextsim.cfg to workpath
  get enkf-c configs, check enkf.prm, grid.prm,obs.prm, obsstypes.prm, model.prm & executable files
  add observations path to /cluster/work/users/chengsukun/simulations/test_sic1sit7_2019-10-18_1days_x_182cycles_memsize40/date94/filter/obs.prm
period 2020-01-20 to 20200121
 Initialize files system, write nextsim.cfg to workpath
  get enkf-c configs, check enkf.prm, grid.prm,obs.prm, obsstypes.prm, model.prm & executable files
  add observations path to /cluster/work/users/chengsukun/simulations/test_sic1sit7_2019-10-18_1days_x_182cycles_memsize40/date95/filter/obs.prm
period 2020-01-21 to 20200122
 Initialize files system, write nextsim.cfg to workpath
  get enkf-c configs, check enkf.prm, grid.prm,obs.prm, obsstypes.prm, model.prm & executable files
  add observations path to /cluster/work/users/chengsukun/simulations/test_sic1sit7_2019-10-18_1days_x_182cycles_memsize40/date96/filter/obs.prm
period 2020-01-22 to 20200123
 Initialize files system, write nextsim.cfg to workpath
  get enkf-c configs, check enkf.prm, grid.prm,obs.prm, obsstypes.prm, model.prm & executable files
  add observations path to /cluster/work/users/chengsukun/simulations/test_sic1sit7_2019-10-18_1days_x_182cycles_memsize40/date97/filter/obs.prm
period 2020-01-23 to 20200124
 Initialize files system, write nextsim.cfg to workpath
  get enkf-c configs, check enkf.prm, grid.prm,obs.prm, obsstypes.prm, model.prm & executable files
  add observations path to /cluster/work/users/chengsukun/simulations/test_sic1sit7_2019-10-18_1days_x_182cycles_memsize40/date98/filter/obs.prm
period 2020-01-24 to 20200125
 Initialize files system, write nextsim.cfg to workpath
  get enkf-c configs, check enkf.prm, grid.prm,obs.prm, obsstypes.prm, model.prm & executable files
  add observations path to /cluster/work/users/chengsukun/simulations/test_sic1sit7_2019-10-18_1days_x_182cycles_memsize40/date99/filter/obs.prm
period 2020-01-25 to 20200126
 Initialize files system, write nextsim.cfg to workpath
  get enkf-c configs, check enkf.prm, grid.prm,obs.prm, obsstypes.prm, model.prm & executable files
  add observations path to /cluster/work/users/chengsukun/simulations/test_sic1sit7_2019-10-18_1days_x_182cycles_memsize40/date100/filter/obs.prm
period 2020-01-26 to 20200127
 Initialize files system, write nextsim.cfg to workpath
  get enkf-c configs, check enkf.prm, grid.prm,obs.prm, obsstypes.prm, model.prm & executable files
  add observations path to /cluster/work/users/chengsukun/simulations/test_sic1sit7_2019-10-18_1days_x_182cycles_memsize40/date101/filter/obs.prm
period 2020-01-27 to 20200128
 Initialize files system, write nextsim.cfg to workpath
  get enkf-c configs, check enkf.prm, grid.prm,obs.prm, obsstypes.prm, model.prm & executable files
  add observations path to /cluster/work/users/chengsukun/simulations/test_sic1sit7_2019-10-18_1days_x_182cycles_memsize40/date102/filter/obs.prm
period 2020-01-28 to 20200129
 Initialize files system, write nextsim.cfg to workpath
  get enkf-c configs, check enkf.prm, grid.prm,obs.prm, obsstypes.prm, model.prm & executable files
  add observations path to /cluster/work/users/chengsukun/simulations/test_sic1sit7_2019-10-18_1days_x_182cycles_memsize40/date103/filter/obs.prm
period 2020-01-29 to 20200130
 Initialize files system, write nextsim.cfg to workpath
  get enkf-c configs, check enkf.prm, grid.prm,obs.prm, obsstypes.prm, model.prm & executable files
  add observations path to /cluster/work/users/chengsukun/simulations/test_sic1sit7_2019-10-18_1days_x_182cycles_memsize40/date104/filter/obs.prm
period 2020-01-30 to 20200131
 Initialize files system, write nextsim.cfg to workpath
  get enkf-c configs, check enkf.prm, grid.prm,obs.prm, obsstypes.prm, model.prm & executable files
  add observations path to /cluster/work/users/chengsukun/simulations/test_sic1sit7_2019-10-18_1days_x_182cycles_memsize40/date105/filter/obs.prm
period 2020-01-31 to 20200201
 Initialize files system, write nextsim.cfg to workpath
  get enkf-c configs, check enkf.prm, grid.prm,obs.prm, obsstypes.prm, model.prm & executable files
  add observations path to /cluster/work/users/chengsukun/simulations/test_sic1sit7_2019-10-18_1days_x_182cycles_memsize40/date106/filter/obs.prm
period 2020-02-01 to 20200202
 Initialize files system, write nextsim.cfg to workpath
  get enkf-c configs, check enkf.prm, grid.prm,obs.prm, obsstypes.prm, model.prm & executable files
  add observations path to /cluster/work/users/chengsukun/simulations/test_sic1sit7_2019-10-18_1days_x_182cycles_memsize40/date107/filter/obs.prm
period 2020-02-02 to 20200203
 Initialize files system, write nextsim.cfg to workpath
  get enkf-c configs, check enkf.prm, grid.prm,obs.prm, obsstypes.prm, model.prm & executable files
  add observations path to /cluster/work/users/chengsukun/simulations/test_sic1sit7_2019-10-18_1days_x_182cycles_memsize40/date108/filter/obs.prm
period 2020-02-03 to 20200204
 Initialize files system, write nextsim.cfg to workpath
  get enkf-c configs, check enkf.prm, grid.prm,obs.prm, obsstypes.prm, model.prm & executable files
  add observations path to /cluster/work/users/chengsukun/simulations/test_sic1sit7_2019-10-18_1days_x_182cycles_memsize40/date109/filter/obs.prm
period 2020-02-04 to 20200205
 Initialize files system, write nextsim.cfg to workpath
  get enkf-c configs, check enkf.prm, grid.prm,obs.prm, obsstypes.prm, model.prm & executable files
  add observations path to /cluster/work/users/chengsukun/simulations/test_sic1sit7_2019-10-18_1days_x_182cycles_memsize40/date110/filter/obs.prm
period 2020-02-05 to 20200206
 Initialize files system, write nextsim.cfg to workpath
  get enkf-c configs, check enkf.prm, grid.prm,obs.prm, obsstypes.prm, model.prm & executable files
  add observations path to /cluster/work/users/chengsukun/simulations/test_sic1sit7_2019-10-18_1days_x_182cycles_memsize40/date111/filter/obs.prm
period 2020-02-06 to 20200207
 Initialize files system, write nextsim.cfg to workpath
  get enkf-c configs, check enkf.prm, grid.prm,obs.prm, obsstypes.prm, model.prm & executable files
  add observations path to /cluster/work/users/chengsukun/simulations/test_sic1sit7_2019-10-18_1days_x_182cycles_memsize40/date112/filter/obs.prm
period 2020-02-07 to 20200208
 Initialize files system, write nextsim.cfg to workpath
  get enkf-c configs, check enkf.prm, grid.prm,obs.prm, obsstypes.prm, model.prm & executable files
  add observations path to /cluster/work/users/chengsukun/simulations/test_sic1sit7_2019-10-18_1days_x_182cycles_memsize40/date113/filter/obs.prm
period 2020-02-08 to 20200209
 Initialize files system, write nextsim.cfg to workpath
  get enkf-c configs, check enkf.prm, grid.prm,obs.prm, obsstypes.prm, model.prm & executable files
  add observations path to /cluster/work/users/chengsukun/simulations/test_sic1sit7_2019-10-18_1days_x_182cycles_memsize40/date114/filter/obs.prm
period 2020-02-09 to 20200210
 Initialize files system, write nextsim.cfg to workpath
  get enkf-c configs, check enkf.prm, grid.prm,obs.prm, obsstypes.prm, model.prm & executable files
  add observations path to /cluster/work/users/chengsukun/simulations/test_sic1sit7_2019-10-18_1days_x_182cycles_memsize40/date115/filter/obs.prm
period 2020-02-10 to 20200211
 Initialize files system, write nextsim.cfg to workpath
  get enkf-c configs, check enkf.prm, grid.prm,obs.prm, obsstypes.prm, model.prm & executable files
  add observations path to /cluster/work/users/chengsukun/simulations/test_sic1sit7_2019-10-18_1days_x_182cycles_memsize40/date116/filter/obs.prm
period 2020-02-11 to 20200212
 Initialize files system, write nextsim.cfg to workpath
  get enkf-c configs, check enkf.prm, grid.prm,obs.prm, obsstypes.prm, model.prm & executable files
  add observations path to /cluster/work/users/chengsukun/simulations/test_sic1sit7_2019-10-18_1days_x_182cycles_memsize40/date117/filter/obs.prm
period 2020-02-12 to 20200213
 Initialize files system, write nextsim.cfg to workpath
  get enkf-c configs, check enkf.prm, grid.prm,obs.prm, obsstypes.prm, model.prm & executable files
  add observations path to /cluster/work/users/chengsukun/simulations/test_sic1sit7_2019-10-18_1days_x_182cycles_memsize40/date118/filter/obs.prm
period 2020-02-13 to 20200214
 Initialize files system, write nextsim.cfg to workpath
  get enkf-c configs, check enkf.prm, grid.prm,obs.prm, obsstypes.prm, model.prm & executable files
  add observations path to /cluster/work/users/chengsukun/simulations/test_sic1sit7_2019-10-18_1days_x_182cycles_memsize40/date119/filter/obs.prm
period 2020-02-14 to 20200215
 Initialize files system, write nextsim.cfg to workpath
  get enkf-c configs, check enkf.prm, grid.prm,obs.prm, obsstypes.prm, model.prm & executable files
  add observations path to /cluster/work/users/chengsukun/simulations/test_sic1sit7_2019-10-18_1days_x_182cycles_memsize40/date120/filter/obs.prm
period 2020-02-15 to 20200216
 Initialize files system, write nextsim.cfg to workpath
  get enkf-c configs, check enkf.prm, grid.prm,obs.prm, obsstypes.prm, model.prm & executable files
  add observations path to /cluster/work/users/chengsukun/simulations/test_sic1sit7_2019-10-18_1days_x_182cycles_memsize40/date121/filter/obs.prm
period 2020-02-16 to 20200217
 Initialize files system, write nextsim.cfg to workpath
  get enkf-c configs, check enkf.prm, grid.prm,obs.prm, obsstypes.prm, model.prm & executable files
  add observations path to /cluster/work/users/chengsukun/simulations/test_sic1sit7_2019-10-18_1days_x_182cycles_memsize40/date122/filter/obs.prm
period 2020-02-17 to 20200218
 Initialize files system, write nextsim.cfg to workpath
  get enkf-c configs, check enkf.prm, grid.prm,obs.prm, obsstypes.prm, model.prm & executable files
  add observations path to /cluster/work/users/chengsukun/simulations/test_sic1sit7_2019-10-18_1days_x_182cycles_memsize40/date123/filter/obs.prm
period 2020-02-18 to 20200219
 Initialize files system, write nextsim.cfg to workpath
  get enkf-c configs, check enkf.prm, grid.prm,obs.prm, obsstypes.prm, model.prm & executable files
  add observations path to /cluster/work/users/chengsukun/simulations/test_sic1sit7_2019-10-18_1days_x_182cycles_memsize40/date124/filter/obs.prm
period 2020-02-19 to 20200220
 Initialize files system, write nextsim.cfg to workpath
  get enkf-c configs, check enkf.prm, grid.prm,obs.prm, obsstypes.prm, model.prm & executable files
  add observations path to /cluster/work/users/chengsukun/simulations/test_sic1sit7_2019-10-18_1days_x_182cycles_memsize40/date125/filter/obs.prm
period 2020-02-20 to 20200221
 Initialize files system, write nextsim.cfg to workpath
  get enkf-c configs, check enkf.prm, grid.prm,obs.prm, obsstypes.prm, model.prm & executable files
  add observations path to /cluster/work/users/chengsukun/simulations/test_sic1sit7_2019-10-18_1days_x_182cycles_memsize40/date126/filter/obs.prm
period 2020-02-21 to 20200222
 Initialize files system, write nextsim.cfg to workpath
  get enkf-c configs, check enkf.prm, grid.prm,obs.prm, obsstypes.prm, model.prm & executable files
  add observations path to /cluster/work/users/chengsukun/simulations/test_sic1sit7_2019-10-18_1days_x_182cycles_memsize40/date127/filter/obs.prm
period 2020-02-22 to 20200223
 Initialize files system, write nextsim.cfg to workpath
  get enkf-c configs, check enkf.prm, grid.prm,obs.prm, obsstypes.prm, model.prm & executable files
  add observations path to /cluster/work/users/chengsukun/simulations/test_sic1sit7_2019-10-18_1days_x_182cycles_memsize40/date128/filter/obs.prm
period 2020-02-23 to 20200224
 Initialize files system, write nextsim.cfg to workpath
  get enkf-c configs, check enkf.prm, grid.prm,obs.prm, obsstypes.prm, model.prm & executable files
  add observations path to /cluster/work/users/chengsukun/simulations/test_sic1sit7_2019-10-18_1days_x_182cycles_memsize40/date129/filter/obs.prm
period 2020-02-24 to 20200225
 Initialize files system, write nextsim.cfg to workpath
  get enkf-c configs, check enkf.prm, grid.prm,obs.prm, obsstypes.prm, model.prm & executable files
  add observations path to /cluster/work/users/chengsukun/simulations/test_sic1sit7_2019-10-18_1days_x_182cycles_memsize40/date130/filter/obs.prm
period 2020-02-25 to 20200226
 Initialize files system, write nextsim.cfg to workpath
  get enkf-c configs, check enkf.prm, grid.prm,obs.prm, obsstypes.prm, model.prm & executable files
  add observations path to /cluster/work/users/chengsukun/simulations/test_sic1sit7_2019-10-18_1days_x_182cycles_memsize40/date131/filter/obs.prm
period 2020-02-26 to 20200227
 Initialize files system, write nextsim.cfg to workpath
  get enkf-c configs, check enkf.prm, grid.prm,obs.prm, obsstypes.prm, model.prm & executable files
  add observations path to /cluster/work/users/chengsukun/simulations/test_sic1sit7_2019-10-18_1days_x_182cycles_memsize40/date132/filter/obs.prm
period 2020-02-27 to 20200228
 Initialize files system, write nextsim.cfg to workpath
  get enkf-c configs, check enkf.prm, grid.prm,obs.prm, obsstypes.prm, model.prm & executable files
  add observations path to /cluster/work/users/chengsukun/simulations/test_sic1sit7_2019-10-18_1days_x_182cycles_memsize40/date133/filter/obs.prm
period 2020-02-28 to 20200229
 Initialize files system, write nextsim.cfg to workpath
  get enkf-c configs, check enkf.prm, grid.prm,obs.prm, obsstypes.prm, model.prm & executable files
  add observations path to /cluster/work/users/chengsukun/simulations/test_sic1sit7_2019-10-18_1days_x_182cycles_memsize40/date134/filter/obs.prm
period 2020-02-29 to 20200301
 Initialize files system, write nextsim.cfg to workpath
  get enkf-c configs, check enkf.prm, grid.prm,obs.prm, obsstypes.prm, model.prm & executable files
  add observations path to /cluster/work/users/chengsukun/simulations/test_sic1sit7_2019-10-18_1days_x_182cycles_memsize40/date135/filter/obs.prm
period 2020-03-01 to 20200302
 Initialize files system, write nextsim.cfg to workpath
  get enkf-c configs, check enkf.prm, grid.prm,obs.prm, obsstypes.prm, model.prm & executable files
  add observations path to /cluster/work/users/chengsukun/simulations/test_sic1sit7_2019-10-18_1days_x_182cycles_memsize40/date136/filter/obs.prm
period 2020-03-02 to 20200303
 Initialize files system, write nextsim.cfg to workpath
  get enkf-c configs, check enkf.prm, grid.prm,obs.prm, obsstypes.prm, model.prm & executable files
  add observations path to /cluster/work/users/chengsukun/simulations/test_sic1sit7_2019-10-18_1days_x_182cycles_memsize40/date137/filter/obs.prm
period 2020-03-03 to 20200304
 Initialize files system, write nextsim.cfg to workpath
  get enkf-c configs, check enkf.prm, grid.prm,obs.prm, obsstypes.prm, model.prm & executable files
  add observations path to /cluster/work/users/chengsukun/simulations/test_sic1sit7_2019-10-18_1days_x_182cycles_memsize40/date138/filter/obs.prm
period 2020-03-04 to 20200305
 Initialize files system, write nextsim.cfg to workpath
  get enkf-c configs, check enkf.prm, grid.prm,obs.prm, obsstypes.prm, model.prm & executable files
  add observations path to /cluster/work/users/chengsukun/simulations/test_sic1sit7_2019-10-18_1days_x_182cycles_memsize40/date139/filter/obs.prm
period 2020-03-05 to 20200306
 Initialize files system, write nextsim.cfg to workpath
  get enkf-c configs, check enkf.prm, grid.prm,obs.prm, obsstypes.prm, model.prm & executable files
  add observations path to /cluster/work/users/chengsukun/simulations/test_sic1sit7_2019-10-18_1days_x_182cycles_memsize40/date140/filter/obs.prm
period 2020-03-06 to 20200307
 Initialize files system, write nextsim.cfg to workpath
  get enkf-c configs, check enkf.prm, grid.prm,obs.prm, obsstypes.prm, model.prm & executable files
  add observations path to /cluster/work/users/chengsukun/simulations/test_sic1sit7_2019-10-18_1days_x_182cycles_memsize40/date141/filter/obs.prm
period 2020-03-07 to 20200308
 Initialize files system, write nextsim.cfg to workpath
  get enkf-c configs, check enkf.prm, grid.prm,obs.prm, obsstypes.prm, model.prm & executable files
  add observations path to /cluster/work/users/chengsukun/simulations/test_sic1sit7_2019-10-18_1days_x_182cycles_memsize40/date142/filter/obs.prm
period 2020-03-08 to 20200309
 Initialize files system, write nextsim.cfg to workpath
  get enkf-c configs, check enkf.prm, grid.prm,obs.prm, obsstypes.prm, model.prm & executable files
  add observations path to /cluster/work/users/chengsukun/simulations/test_sic1sit7_2019-10-18_1days_x_182cycles_memsize40/date143/filter/obs.prm
period 2020-03-09 to 20200310
 Initialize files system, write nextsim.cfg to workpath
  get enkf-c configs, check enkf.prm, grid.prm,obs.prm, obsstypes.prm, model.prm & executable files
  add observations path to /cluster/work/users/chengsukun/simulations/test_sic1sit7_2019-10-18_1days_x_182cycles_memsize40/date144/filter/obs.prm
period 2020-03-10 to 20200311
 Initialize files system, write nextsim.cfg to workpath
  get enkf-c configs, check enkf.prm, grid.prm,obs.prm, obsstypes.prm, model.prm & executable files
  add observations path to /cluster/work/users/chengsukun/simulations/test_sic1sit7_2019-10-18_1days_x_182cycles_memsize40/date145/filter/obs.prm
period 2020-03-11 to 20200312
 Initialize files system, write nextsim.cfg to workpath
  get enkf-c configs, check enkf.prm, grid.prm,obs.prm, obsstypes.prm, model.prm & executable files
  add observations path to /cluster/work/users/chengsukun/simulations/test_sic1sit7_2019-10-18_1days_x_182cycles_memsize40/date146/filter/obs.prm
period 2020-03-12 to 20200313
 Initialize files system, write nextsim.cfg to workpath
  get enkf-c configs, check enkf.prm, grid.prm,obs.prm, obsstypes.prm, model.prm & executable files
  add observations path to /cluster/work/users/chengsukun/simulations/test_sic1sit7_2019-10-18_1days_x_182cycles_memsize40/date147/filter/obs.prm
period 2020-03-13 to 20200314
 Initialize files system, write nextsim.cfg to workpath
  get enkf-c configs, check enkf.prm, grid.prm,obs.prm, obsstypes.prm, model.prm & executable files
  add observations path to /cluster/work/users/chengsukun/simulations/test_sic1sit7_2019-10-18_1days_x_182cycles_memsize40/date148/filter/obs.prm
period 2020-03-14 to 20200315
 Initialize files system, write nextsim.cfg to workpath
  get enkf-c configs, check enkf.prm, grid.prm,obs.prm, obsstypes.prm, model.prm & executable files
  add observations path to /cluster/work/users/chengsukun/simulations/test_sic1sit7_2019-10-18_1days_x_182cycles_memsize40/date149/filter/obs.prm
period 2020-03-15 to 20200316
 Initialize files system, write nextsim.cfg to workpath
  get enkf-c configs, check enkf.prm, grid.prm,obs.prm, obsstypes.prm, model.prm & executable files
  add observations path to /cluster/work/users/chengsukun/simulations/test_sic1sit7_2019-10-18_1days_x_182cycles_memsize40/date150/filter/obs.prm
period 2020-03-16 to 20200317
 Initialize files system, write nextsim.cfg to workpath
  get enkf-c configs, check enkf.prm, grid.prm,obs.prm, obsstypes.prm, model.prm & executable files
  add observations path to /cluster/work/users/chengsukun/simulations/test_sic1sit7_2019-10-18_1days_x_182cycles_memsize40/date151/filter/obs.prm
period 2020-03-17 to 20200318
 Initialize files system, write nextsim.cfg to workpath
  get enkf-c configs, check enkf.prm, grid.prm,obs.prm, obsstypes.prm, model.prm & executable files
  add observations path to /cluster/work/users/chengsukun/simulations/test_sic1sit7_2019-10-18_1days_x_182cycles_memsize40/date152/filter/obs.prm
period 2020-03-18 to 20200319
 Initialize files system, write nextsim.cfg to workpath
  get enkf-c configs, check enkf.prm, grid.prm,obs.prm, obsstypes.prm, model.prm & executable files
  add observations path to /cluster/work/users/chengsukun/simulations/test_sic1sit7_2019-10-18_1days_x_182cycles_memsize40/date153/filter/obs.prm
period 2020-03-19 to 20200320
 Initialize files system, write nextsim.cfg to workpath
  get enkf-c configs, check enkf.prm, grid.prm,obs.prm, obsstypes.prm, model.prm & executable files
  add observations path to /cluster/work/users/chengsukun/simulations/test_sic1sit7_2019-10-18_1days_x_182cycles_memsize40/date154/filter/obs.prm
period 2020-03-20 to 20200321
 Initialize files system, write nextsim.cfg to workpath
  get enkf-c configs, check enkf.prm, grid.prm,obs.prm, obsstypes.prm, model.prm & executable files
  add observations path to /cluster/work/users/chengsukun/simulations/test_sic1sit7_2019-10-18_1days_x_182cycles_memsize40/date155/filter/obs.prm
links perturbation files to restart_path/Perturbation using input file id
Try 1 , date 155 , start calculating member(s): 6 26 39
Reading nextsim.cfg...
Reading nextsim.cfg...
Reading nextsim.cfg...
[INFO] : -----------------------Simulation started on 2021-Dec-03 08:44:14
[INFO] : TIMESTEP= 900 s
[INFO] : DURATION= 1 day(s)
[WARNING] : For best deformation scaling results, the ratio simul.timestep/t_damage should be < 10. (Currently it is 44.9992).  THE SPIRIT OF VERO IS WATCHING YOU
[INFO] : -----------------------Simulation started on 2021-Dec-03 08:44:14
[INFO] : TIMESTEP= 900 s
[INFO] : DURATION= 1 day(s)
[WARNING] : For best deformation scaling results, the ratio simul.timestep/t_damage should be < 10. (Currently it is 44.9992).  THE SPIRIT OF VERO IS WATCHING YOU
[INFO] : -----------------------Simulation started on 2021-Dec-03 08:44:14
[INFO] : TIMESTEP= 900 s
[INFO] : DURATION= 1 day(s)
[WARNING] : For best deformation scaling results, the ratio simul.timestep/t_damage should be < 10. (Currently it is 44.9992).  THE SPIRIT OF VERO IS WATCHING YOU
[INFO] :  ---------- progression: ( 0%) ---------- time spent: 00:00:06
[INFO] :  ---------- progression: ( 0%) ---------- time spent: 00:00:06
[INFO] :  ---------- progression: ( 0%) ---------- time spent: 00:00:07
nextsim.exec: finiteelement.cpp:5131: std::pair<double, double> Nextsim::FiniteElement::specificHumidity(Nextsim::schemes::specificHumidity, int, double): Assertion `temp > -physical::tfrwK' failed.
[INFO] :  ---------- progression: ( 5%) ---------- time spent: 00:00:12
[INFO] :  ---------- progression: ( 5%) ---------- time spent: 00:00:13
nextsim.exec: finiteelement.cpp:5131: std::pair<double, double> Nextsim::FiniteElement::specificHumidity(Nextsim::schemes::specificHumidity, int, double): Assertion `temp > -physical::tfrwK' failed.
srun: error: b1101: task 78: Aborted
nextsim.exec: finiteelement.cpp:5131: std::pair<double, double> Nextsim::FiniteElement::specificHumidity(Nextsim::schemes::specificHumidity, int, double): Assertion `temp > -physical::tfrwK' failed.
srun: error: b1102: task 60: Aborted
srun: error: b1103: task 31: Aborted
srun: Job step aborted: Waiting up to 32 seconds for job step to finish.
slurmstepd: error: *** JOB 265631 ON b1101 CANCELLED AT 2021-12-03T09:20:37 ***
srun: Job step aborted: Waiting up to 32 seconds for job step to finish.
slurmstepd: error: *** STEP 265631.0 ON b1101 CANCELLED AT 2021-12-03T09:20:37 ***
slurmstepd: error: *** STEP 265631.1 ON b1102 CANCELLED AT 2021-12-03T09:20:37 ***
srun: Job step aborted: Waiting up to 32 seconds for job step to finish.
slurmstepd: error: *** STEP 265631.2 ON b1103 CANCELLED AT 2021-12-03T09:20:37 ***

Task and CPU usage stats:
       JobID    JobName  AllocCPUS   NTasks     MinCPU MinCPUTask     AveCPU    Elapsed ExitCode 
------------ ---------- ---------- -------- ---------- ---------- ---------- ---------- -------- 
265631         sic1sit7       5120                                             00:40:16      0:0 
265631.batch      batch        128        1   00:00:09          0   00:00:09   00:40:17     0:15 
265631.exte+     extern       5120       40   00:00:00         32   00:00:00   00:40:16      0:0 
265631.0     nextsim.e+        128      128   00:00:12         78   00:36:07   00:36:35      0:6 
265631.1     nextsim.e+        128      128   00:00:12         60   00:36:07   00:36:35      0:6 
265631.2     nextsim.e+        128      128   00:00:12         31   00:36:07   00:36:35      0:6 

Memory usage stats:
       JobID     MaxRSS MaxRSSTask     AveRSS MaxPages   MaxPagesTask   AvePages 
------------ ---------- ---------- ---------- -------- -------------- ---------- 
265631                                                                           
265631.batch     19144K          0     19144K        8              0          8 
265631.exte+       832K         33     817024        3             32          2 
265631.0        460504K          0  126147728        7              7          2 
265631.1        459894K          0  124955928        6            112          2 
265631.2        463183K          0  126100344        7             82          2 

Disk usage stats:
       JobID  MaxDiskRead MaxDiskReadTask    AveDiskRead MaxDiskWrite MaxDiskWriteTask   AveDiskWrite 
------------ ------------ --------------- -------------- ------------ ---------------- -------------- 
265631                                                                                                
265631.batch      807.79M               0        807.79M      510.68M                0        510.68M 
265631.exte+        0.00M              32          0.00M            0               32              0 
265631.0          406.10M               0        264.74M       21.48M                0          0.17M 
265631.1          406.16M               0        264.19M       21.49M                0          0.17M 
265631.2          405.97M               0        264.60M       21.49M                0          0.17M 

Job 265631 completed at Fri Dec 3 09:20:40 CET 2021
