
Task and CPU usage stats:
       JobID    JobName  AllocCPUS   NTasks     MinCPU MinCPUTask     AveCPU    Elapsed ExitCode 
------------ ---------- ---------- -------- ---------- ---------- ---------- ---------- -------- 
265573             sit7       5120                                             00:45:03      0:0 
265573.batch      batch        128        1   00:00:04          0   00:00:04   00:45:05     0:15 
265573.exte+     extern       5120       40   00:00:00          2   00:00:00   00:45:04      0:0 
265573.0     nextsim.e+        128      128   00:07:12        102   00:07:16   00:09:57      0:0 
265573.1     nextsim.e+        128      128   00:07:05          3   00:07:11   00:10:05      0:0 
265573.2     nextsim.e+        128      128   00:07:14          0   00:07:19   00:10:11      0:0 
265573.3     nextsim.e+        128      128   00:07:17          0   00:07:22   00:10:12      0:0 
265573.4     nextsim.e+        128      128   00:07:11         75   00:07:19   00:09:57      0:0 
265573.5     nextsim.e+        128      128   00:07:09         68   00:07:17   00:10:19      0:0 
265573.6     nextsim.e+        128      128   00:07:16          6   00:07:27   00:10:20      0:0 
265573.7     nextsim.e+        128      128   00:07:17          0   00:07:22   00:10:05      0:0 
265573.8     nextsim.e+        128      128   00:07:12         95   00:07:16   00:09:52      0:0 
265573.9     nextsim.e+        128      128   00:07:05          0   00:07:08   00:09:42      0:0 
265573.10    nextsim.e+        128      128   00:07:13         93   00:07:18   00:10:14      0:0 
265573.11    nextsim.e+        128      128   00:07:10         40   00:07:14   00:10:04      0:0 
265573.12    nextsim.e+        128      128   00:07:00          7   00:07:04   00:09:50      0:0 
265573.13    nextsim.e+        128      128   00:07:02          0   00:07:11   00:10:06      0:0 
265573.14    nextsim.e+        128      128   00:07:07        110   00:07:12   00:10:12      0:0 
265573.15    nextsim.e+        128      128   00:07:12         76   00:07:17   00:10:11      0:0 
265573.16    nextsim.e+        128      128   00:07:10         77   00:07:16   00:10:05      0:0 
265573.17    nextsim.e+        128      128   00:07:13        123   00:07:18   00:10:03      0:0 
265573.18    nextsim.e+        128      128   00:07:03          0   00:07:09   00:10:05      0:0 
265573.19    nextsim.e+        128      128   00:07:10          0   00:07:17   00:10:14      0:0 
265573.20    nextsim.e+        128      128   00:07:13         56   00:07:16   00:10:01      0:0 
265573.21    nextsim.e+        128      128   00:07:04         61   00:07:09   00:09:47      0:0 
265573.22    nextsim.e+        128      128   00:07:16          0   00:07:22   00:10:13      0:0 
265573.23    nextsim.e+        128      128   00:07:12         43   00:07:17   00:09:56      0:0 
265573.24    nextsim.e+        128      128   00:07:09          3   00:07:13   00:09:47      0:0 
265573.25    nextsim.e+        128      128   00:07:09          0   00:07:16   00:10:04      0:0 
265573.26    nextsim.e+        128      128   00:07:10         16   00:07:17   00:09:49      0:0 
265573.27    nextsim.e+        128      128   00:07:04          0   00:07:09   00:10:04      0:0 
265573.28    nextsim.e+        128      128   00:07:03          0   00:07:08   00:10:07      0:0 
265573.29    nextsim.e+        128      128   00:07:05         88   00:07:16   00:10:00      0:0 
265573.30    nextsim.e+        128      128   00:07:17          0   00:07:23   00:10:04      0:0 
265573.31    nextsim.e+        128      128   00:07:10         73   00:07:14   00:10:04      0:0 
265573.32    nextsim.e+        128      128   00:07:17        121   00:07:24   00:10:06      0:0 
265573.33    nextsim.e+        128      128   00:07:10         38   00:07:17   00:10:06      0:0 
265573.34    nextsim.e+        128      128   00:07:12        106   00:07:16   00:10:03      0:0 
265573.35    nextsim.e+        128      128   00:07:13         77   00:07:18   00:10:13      0:0 
265573.36    nextsim.e+        128      128   00:07:01        105   00:07:11   00:09:59      0:0 
265573.37    nextsim.e+        128      128   00:07:10          1   00:07:16   00:09:48      0:0 
265573.38    nextsim.e+        128      128   00:07:06         84   00:07:12   00:09:56      0:0 
265573.39    nextsim.e+        128      128   00:07:10         99   00:07:16   00:09:48      0:0 
265573.40     enkf_calc        128      128   00:00:00         39   00:00:07   00:00:10      0:0 
265573.41    enkf_upda+        128      128   00:00:00         43   00:00:01   00:00:03      0:0 
265573.42    nextsim.e+        128      128   00:05:44         67   00:05:52   00:06:20      0:0 
265573.43    nextsim.e+        128      128   00:05:38         32   00:05:44   00:06:17      0:0 
265573.44    nextsim.e+        128      128   00:05:50         89   00:05:55   00:06:27      0:0 
265573.45    nextsim.e+        128      128   00:05:50          0   00:05:53   00:06:25      0:0 
265573.46    nextsim.e+        128      128   00:05:52          0   00:05:56   00:06:23      0:0 
265573.47    nextsim.e+        128      128   00:05:49        122   00:05:58   00:06:32      0:0 
265573.48    nextsim.e+        128      128   00:05:46          7   00:05:53   00:06:27      0:0 
265573.49    nextsim.e+        128      128   00:05:42         14   00:05:50   00:06:17      0:0 
265573.50    nextsim.e+        128      128   00:05:47          0   00:05:53   00:06:15      0:0 
265573.51    nextsim.e+        128      128   00:05:49          0   00:05:54   00:06:23      0:0 
265573.52    nextsim.e+        128      128   00:05:42        115   00:05:46   00:06:15      0:0 
265573.53    nextsim.e+        128      128   00:05:53         11   00:05:56   00:06:34      0:0 
265573.54    nextsim.e+        128      128   00:05:54          0   00:05:58   00:06:31      0:0 
265573.55    nextsim.e+        128      128   00:05:41          4   00:05:50   00:06:28      0:0 
265573.56    nextsim.e+        128      128   00:05:59          7   00:06:04   00:06:36      0:0 
265573.57    nextsim.e+        128      128   00:05:57          6   00:06:00   00:06:34      0:0 
265573.58    nextsim.e+        128      128   00:05:45          0   00:05:47   00:06:22      0:0 
265573.59    nextsim.e+        128      128   00:05:43          9   00:05:49   00:06:17      0:0 
265573.60    nextsim.e+        128      128   00:05:47         16   00:05:52   00:06:27      0:0 
265573.61    nextsim.e+        128      128   00:05:47         92   00:05:50   00:06:24      0:0 
265573.62    nextsim.e+        128      128   00:05:49         21   00:05:53   00:06:25      0:0 
265573.63    nextsim.e+        128      128   00:05:51          0   00:05:53   00:06:23      0:0 
265573.64    nextsim.e+        128      128   00:05:51          0   00:05:53   00:06:32      0:0 
265573.65    nextsim.e+        128      128   00:05:52        126   00:05:58   00:06:27      0:0 
265573.66    nextsim.e+        128      128   00:05:52         12   00:05:58   00:06:27      0:0 
265573.67    nextsim.e+        128      128   00:05:49         83   00:05:55   00:06:26      0:0 
265573.68    nextsim.e+        128      128   00:05:51         90   00:05:55   00:06:26      0:0 
265573.69    nextsim.e+        128      128   00:05:48         75   00:05:58   00:06:31      0:0 
265573.70    nextsim.e+        128      128   00:05:48         82   00:05:54   00:06:27      0:0 
265573.71    nextsim.e+        128      128   00:05:43         55   00:05:50   00:06:18      0:0 
265573.72    nextsim.e+        128      128   00:05:33         53   00:05:42   00:06:10      0:0 
265573.73    nextsim.e+        128      128   00:05:43         10   00:05:51   00:06:29      0:0 
265573.74    nextsim.e+        128      128   00:05:49         32   00:05:57   00:06:28      0:0 
265573.75    nextsim.e+        128      128   00:05:43         12   00:05:51   00:06:29      0:0 
265573.76    nextsim.e+        128      128   00:05:45          3   00:05:50   00:06:26      0:0 
265573.77    nextsim.e+        128      128   00:06:00         23   00:06:03   00:06:34      0:0 
265573.78    nextsim.e+        128      128   00:05:54         96   00:06:02   00:06:38      0:0 
265573.79    nextsim.e+        128      128   00:05:50         98   00:05:54   00:06:25      0:0 
265573.80    nextsim.e+        128      128   00:05:54          0   00:05:57   00:06:31      0:0 
265573.81    nextsim.e+        128      128   00:05:53        113   00:05:57   00:06:26      0:0 
265573.82     enkf_calc        128      128   00:00:00         50   00:00:07   00:00:09      0:0 
265573.83    enkf_upda+        128      128   00:00:00         10   00:00:01   00:00:03      0:0 
265573.84    nextsim.e+        128      128   00:05:23         25   00:05:26   00:05:55      0:0 
265573.85    nextsim.e+        128      128   00:05:27          4   00:05:31   00:05:55      0:0 
265573.86    nextsim.e+        128      128   00:05:23          0   00:05:26   00:05:53      0:0 
265573.87    nextsim.e+        128      128   00:05:23          6   00:05:27   00:05:55      0:0 
265573.88    nextsim.e+        128      128   00:05:10         32   00:05:19   00:05:41      0:0 
265573.89    nextsim.e+        128      128   00:05:20          7   00:05:24   00:05:54      0:0 
265573.90    nextsim.e+        128      128   00:05:33         84   00:05:41   00:06:09      0:0 
265573.91    nextsim.e+        128      128   00:05:35        127   00:05:44   00:06:10      0:0 
265573.92    nextsim.e+        128      128   00:05:28        115   00:05:36   00:05:59      0:0 
265573.93    nextsim.e+        128      128   00:05:24         93   00:05:29   00:05:56      0:0 
265573.94    nextsim.e+        128      128   00:05:33         66   00:05:38   00:06:05      0:0 
265573.95    nextsim.e+        128      128   00:05:28          6   00:05:32   00:06:04      0:0 
265573.96    nextsim.e+        128      128   00:05:24         86   00:05:28   00:05:56      0:0 
265573.97    nextsim.e+        128      128   00:05:29          0   00:05:31   00:06:03      0:0 
265573.98    nextsim.e+        128      128   00:05:21         10   00:05:25   00:05:55      0:0 
265573.99    nextsim.e+        128      128   00:05:22         48   00:05:31   00:06:00      0:0 
265573.100   nextsim.e+        128      128   00:05:21          3   00:05:24   00:05:53      0:0 
265573.101   nextsim.e+        128      128   00:05:31          0   00:05:34   00:06:02      0:0 
265573.102   nextsim.e+        128      128   00:05:18          5   00:05:27   00:06:00      0:0 
265573.103   nextsim.e+        128      128   00:05:27         21   00:05:31   00:06:05      0:0 
265573.104   nextsim.e+        128      128   00:05:22         11   00:05:30   00:05:58      0:0 
265573.105   nextsim.e+        128      128   00:05:23        105   00:05:30   00:05:59      0:0 
265573.106   nextsim.e+        128      128   00:05:20        112   00:05:25   00:05:56      0:0 
265573.107   nextsim.e+        128      128   00:05:24         68   00:05:26   00:05:53      0:0 
265573.108   nextsim.e+        128      128   00:05:25          7   00:05:29   00:05:55      0:0 
265573.109   nextsim.e+        128      128   00:05:23         73   00:05:28   00:05:57      0:0 
265573.110   nextsim.e+        128      128   00:05:15         81   00:05:23   00:05:49      0:0 
265573.111   nextsim.e+        128      128   00:05:21         39   00:05:29   00:05:58      0:0 
265573.112   nextsim.e+        128      128   00:05:32         40   00:05:35   00:06:04      0:0 
265573.113   nextsim.e+        128      128   00:05:16         99   00:05:25   00:05:51      0:0 
265573.114   nextsim.e+        128      128   00:05:23         64   00:05:30   00:05:58      0:0 
265573.115   nextsim.e+        128      128   00:05:29          0   00:05:32   00:06:03      0:0 
265573.116   nextsim.e+        128      128   00:05:32         90   00:05:35   00:06:05      0:0 
265573.117   nextsim.e+        128      128   00:05:19          5   00:05:26   00:05:58      0:0 
265573.118   nextsim.e+        128      128   00:05:15         50   00:05:21   00:05:48      0:0 
265573.119   nextsim.e+        128      128   00:05:22         11   00:05:29   00:05:58      0:0 
265573.120   nextsim.e+        128      128   00:05:18          2   00:05:24   00:05:55      0:0 
265573.121   nextsim.e+        128      128   00:05:23         92   00:05:28   00:05:55      0:0 
265573.122   nextsim.e+        128      128   00:05:25          0   00:05:27   00:05:52      0:0 
265573.123   nextsim.e+        128      128   00:05:25          3   00:05:35   00:05:59      0:0 
265573.124    enkf_calc        128      128   00:00:00         11   00:00:07   00:00:09      0:0 
265573.125   enkf_upda+        128      128   00:00:00         50   00:00:01   00:00:03      0:0 
265573.126   nextsim.e+        128      128   00:03:11         38   00:19:48   00:20:27      0:6 
265573.127   nextsim.e+        128      128                                    00:20:24      0:0 
265573.128   nextsim.e+        128      128                                    00:20:24      0:0 
265573.129   nextsim.e+        128      128                                    00:20:24      0:0 
265573.130   nextsim.e+        128      128                                    00:20:24      0:0 
265573.131   nextsim.e+        128      128                                    00:20:24      0:0 
265573.132   nextsim.e+        128      128                                    00:20:24      0:0 
265573.133   nextsim.e+        128      128                                    00:20:24      0:0 
265573.134   nextsim.e+        128      128                                    00:20:24      0:0 
265573.135   nextsim.e+        128      128                                    00:20:24      0:0 
265573.136   nextsim.e+        128      128                                    00:20:24      0:0 
265573.137   nextsim.e+        128      128                                    00:20:23      0:0 
265573.138   nextsim.e+        128      128                                    00:20:22      0:0 
265573.139   nextsim.e+        128      128                                    00:20:22      0:0 
265573.140   nextsim.e+        128      128                                    00:20:22      0:0 
265573.141   nextsim.e+        128      128                                    00:20:22      0:0 
265573.142   nextsim.e+        128      128                                    00:20:22      0:0 
265573.143   nextsim.e+        128      128                                    00:20:22      0:0 
265573.144   nextsim.e+        128      128                                    00:20:22      0:0 
265573.145   nextsim.e+        128      128                                    00:20:22      0:0 
265573.146   nextsim.e+        128      128                                    00:20:22      0:0 
265573.147   nextsim.e+        128      128                                    00:20:22      0:0 
265573.148   nextsim.e+        128      128                                    00:20:22      0:0 
265573.149   nextsim.e+        128      128                                    00:20:22      0:0 
265573.150   nextsim.e+        128      128                                    00:20:22      0:0 
265573.151   nextsim.e+        128      128                                    00:20:22      0:0 
265573.152   nextsim.e+        128      128                                    00:20:22      0:0 
265573.153   nextsim.e+        128      128                                    00:20:22      0:0 
265573.154   nextsim.e+        128      128                                    00:20:22      0:0 
265573.155   nextsim.e+        128      128                                    00:20:22      0:0 
265573.156   nextsim.e+        128      128                                    00:20:22      0:0 
265573.157   nextsim.e+        128      128                                    00:20:22      0:0 
265573.158   nextsim.e+        128      128                                    00:20:22      0:0 
265573.159   nextsim.e+        128      128                                    00:20:22      0:0 
265573.160   nextsim.e+        128      128                                    00:20:22      0:0 
265573.161   nextsim.e+        128      128                                    00:20:22      0:0 
265573.162   nextsim.e+        128      128                                    00:20:22      0:0 
265573.163   nextsim.e+        128      128                                    00:20:22      0:0 
265573.164   nextsim.e+        128      128                                    00:20:22      0:0 
265573.165   nextsim.e+        128      128                                    00:20:22      0:0 

Memory usage stats:
       JobID     MaxRSS MaxRSSTask     AveRSS MaxPages   MaxPagesTask   AvePages 
------------ ---------- ---------- ---------- -------- -------------- ---------- 
265573                                                                           
265573.batch    229775K          0    229775K       18              0          0 
265573.exte+       820K         33       805K        3              8          2 
265573.0       2003464K          0  192808328        7             17          2 
265573.1       1974441K          0  191054504        6             68          2 
265573.2       1909795K          0  192111600        6              3          1 
265573.3       1782956K          0  219334472        5              2          1 
265573.4       1928706K          0  190555864        6             94          1 
265573.5       1972850K          0  193111864        8             34          2 
265573.6       1902482K          0  192080248        7              1          3 
265573.7       1926617K          0  193477656        5              3          2 
265573.8       1978305K          0  212526024        6             48          3 
265573.9       1893095K          0  214954136        6             22          1 
265573.10      1813832K          0  192111328        5             66          1 
265573.11      1912826K          0  192479928        5             10          1 
265573.12      1901308K          0  189346544        8              7          3 
265573.13      1842563K          0  189517216        5             41          1 
265573.14      2011623K          0  220631480        6              2          2 
265573.15      2012334K          0  192843128        6             42          2 
265573.16      1702336K          0  186850008        8             18          2 
265573.17      1980886K          0  193405912        6              2          2 
265573.18      1992723K          0  191937336        9             19          3 
265573.19      1631016K          0  188619440        8              4          3 
265573.20      1848262K          0  188850712        8             54          3 
265573.21      2023484K          0  192166416        7             23          1 
265573.22      1796368K          0  219475696        9            114          2 
265573.23      1787681K          0  190667800        8             51          2 
265573.24      1504048K          0  189303856        6              2          2 
265573.25      1989637K          0  190605520        6             51          3 
265573.26      1827302K          0  190389408        7             16          4 
265573.27      1978134K          0  192815992        5             10          2 
265573.28      1981417K          0  191978304        6             19          1 
265573.29      1952526K          0  191713024        6             17          2 
265573.30      1870310K          0  193938448        6             19          2 
265573.31      1995851K          0  190051224        5              0          1 
265573.32      1840047K          0  193378520        6            123          2 
265573.33      1895806K          0  188494632        5             44          2 
265573.34      1847408K          0  208745208        6            104          1 
265573.35      1907975K          0  206056248       10              7          3 
265573.36      1977291K          0  190568928        8             17          2 
265573.37      2079129K          0  192744248        6              3          2 
265573.38      1524898K          0  187232536        7             32          2 
265573.39      2057376K          0  192948472        6             27          1 
265573.40        34515K          0     523640        2             38          0 
265573.41        23156K          4     395248        0             43          0 
265573.42      1741869K          0  182692880        0             67          0 
265573.43      1745257K          0  181029624        0             32          0 
265573.44      1543211K          0  181377600        0             89          0 
265573.45      1820572K          0  181673000        0             15          0 
265573.46      1760433K          0  200558104        0             18          0 
265573.47      1642631K          0  192373168        0            122          0 
265573.48      1686642K          0  182389632        0              7          0 
265573.49      1699868K          0  182895208        0             14          0 
265573.50      1227667K          0  177375544        0            121          0 
265573.51      1690221K          0  183059600        0             16          0 
265573.52      1762586K          0  180711968        0            115          0 
265573.53      1516016K          0  183307768        0             11          0 
265573.54      1159737K          0  188227984        0            121          0 
265573.55      1616820K          0  175263400        0              4          0 
265573.56      1690541K          0  182458624        0              7          0 
265573.57         1739M          0  177580112        0              6          0 
265573.58      1728346K          0  209587432        0             89          0 
265573.59      1050239K          0  175314496        0              9          0 
265573.60      1503589K          0  179513384        0             16          0 
265573.61      1409868K          0  177617448        0             92          0 
265573.62      1657636K          0  183157048        0             21          0 
265573.63      1641023K          0  202241632        0             19          0 
265573.64      1716183K          0  206935480        0             15          0 
265573.65      1462118K          0  177375320        0            126          0 
265573.66      1637617K          0  183236056        0             12          0 
265573.67      1647324K          0  182732552        0             83          0 
265573.68      1775737K          0  181959912        0             90          0 
265573.69      1709017K          0  185154864        0             75          0 
265573.70      1718438K          0  180508696        0             82          0 
265573.71      1636767K          0  181427208        0             55          0 
265573.72      1825805K          0  180628728        0             53          0 
265573.73      1779254K          0  179897784        0             10          0 
265573.74      1286425K          0  178765192        0             32          0 
265573.75      1791603K          0  181389880        0             12          0 
265573.76      1438645K          0  181136440        0              3          0 
265573.77      1718157K          0 175917.50K        0             23          0 
265573.78      1602372K          0  180688336        0             96          0 
265573.79      1691612K          0  184015416        0             98          0 
265573.80      1754535K          0  201815896        0              4          0 
265573.81      1690966K          0  182861992        0            113          0 
265573.82        34956K          0     482216        0             50          0 
265573.83        23533K         13     480464        1              6          0 
265573.84      1569687K          0  173267536        0             25          0 
265573.85      1591974K          0  175393000        0              4          0 
265573.86      1528853K          0  187008600        0             19          0 
265573.87      1634048K          0  172464808        0              6          0 
265573.88      1646248K          0  171490720        0             32          0 
265573.89      1571481K          0  171845976        0              4          0 
265573.90      1429301K          0  173626792        0             84          0 
265573.91      1450058K          0  176161016        0            127          0 
265573.92       913916K          0  165921024        0            115          0 
265573.93      1662060K          0  171819808        0             93          0 
265573.94      1790510K          0  178494280        0             66          0 
265573.95      1535073K          0  170639800        0              6          0 
265573.96      1676105K          0  172463992        0             86          0 
265573.97      1577531K          0  175315000        0             83          0 
265573.98       964978K          0  166086568        0              9          0 
265573.99      1553675K          0  174671352        0             48          0 
265573.100     1412641K          0  176201552        0              3          0 
265573.101     1669032K          0  205707704        0              1          0 
265573.102     1493932K          0  169849408        0              5          0 
265573.103     1703367K          0  173255384        0             21          0 
265573.104     1663401K          0  174384704        0              3          0 
265573.105     1709516K          0  171251224        0            105          0 
265573.106     1582577K          0  169595344        0            112          0 
265573.107      953386K          0  191008608        0             68          0 
265573.108     1695612K          0  173496176        0              4          0 
265573.109     1613861K          0  169736352        0             73          0 
265573.110     1671430K          0  175463120        0             81          0 
265573.111      907377K          0  170474120        0             39          0 
265573.112     1514686K          0  170578048        0             40          0 
265573.113     1587421K          0  170888760        0             99          0 
265573.114     1559737K          0  170527424        0             64          0 
265573.115     1557397K          0  174245512        0             66          0 
265573.116     1529372K          0  171034784        0             90          0 
265573.117     1695429K          0  173682296        0              5          0 
265573.118     1570835K          0  173877664        0             50          0 
265573.119     1356579K          0  168595664        0             11          0 
265573.120      917169K          0  171056600        0              2          0 
265573.121     1678761K          0  171875320        0             92          0 
265573.122     1467768K          0  204182440        0              3          0 
265573.123     1509107K          0  170982896        0              3          0 
265573.124       34596K          0    530.50K        0             11          0 
265573.125       18355K        127     437512        0             50          0 
265573.126     1250984K          0  155520992        1             35          0 
265573.127                                                                       
265573.128                                                                       
265573.129                                                                       
265573.130                                                                       
265573.131                                                                       
265573.132                                                                       
265573.133                                                                       
265573.134                                                                       
265573.135                                                                       
265573.136                                                                       
265573.137                                                                       
265573.138                                                                       
265573.139                                                                       
265573.140                                                                       
265573.141                                                                       
265573.142                                                                       
265573.143                                                                       
265573.144                                                                       
265573.145                                                                       
265573.146                                                                       
265573.147                                                                       
265573.148                                                                       
265573.149                                                                       
265573.150                                                                       
265573.151                                                                       
265573.152                                                                       
265573.153                                                                       
265573.154                                                                       
265573.155                                                                       
265573.156                                                                       
265573.157                                                                       
265573.158                                                                       
265573.159                                                                       
265573.160                                                                       
265573.161                                                                       
265573.162                                                                       
265573.163                                                                       
265573.164                                                                       
265573.165                                                                       

Disk usage stats:
       JobID  MaxDiskRead MaxDiskReadTask    AveDiskRead MaxDiskWrite MaxDiskWriteTask   AveDiskWrite 
------------ ------------ --------------- -------------- ------------ ---------------- -------------- 
265573                                                                                                
265573.batch    12141.42M               0      12141.42M     8144.16M                0       8144.16M 
265573.exte+        0.00M               2          0.00M            0                2              0 
265573.0        11416.09M               0       7572.73M      691.00M                0          5.40M 
265573.1        11440.95M               0       7587.62M      691.14M                0          5.40M 
265573.2        11590.01M               0       7700.08M      699.54M                0          5.47M 
265573.3        11599.27M               0       7760.34M      708.25M                0          5.53M 
265573.4        11703.53M               0       7729.85M      699.51M                0          5.47M 
265573.5        11644.04M               0       7717.84M      699.45M                0          5.47M 
265573.6        11807.14M               0       7830.21M      708.47M                0          5.54M 
265573.7        11769.13M               0       7812.90M      708.13M                0          5.53M 
265573.8        11544.43M               0       7619.47M      690.39M                0          5.39M 
265573.9        10976.68M               0       7321.82M      673.73M                0          5.26M 
265573.10       11579.33M               0       7703.98M      699.10M                0          5.46M 
265573.11       11666.18M               0       7717.04M      699.33M                0          5.46M 
265573.12       10956.08M               0       7302.92M      673.10M                0          5.26M 
265573.13       11172.59M               0       7495.84M      690.38M                0          5.39M 
265573.14       11561.43M               0       7626.16M      690.85M                0          5.40M 
265573.15       11599.64M               0       7698.79M      699.41M                0          5.46M 
265573.16       11500.55M               0       7601.53M      690.34M                0          5.39M 
265573.17       11602.31M               0       7640.59M      690.43M                0          5.39M 
265573.18       11345.28M               0       7493.65M      681.87M                0          5.33M 
265573.19       11383.44M               0       7568.87M      690.14M                0          5.39M 
265573.20       11331.81M               0       7605.09M      698.97M                0          5.46M 
265573.21       11331.41M               0       7550.92M      690.56M                0          5.40M 
265573.22       11647.01M               0       7715.98M      699.28M                0          5.46M 
265573.23       11545.69M               0       7621.55M      690.53M                0          5.40M 
265573.24       11373.06M               0       7570.56M      690.65M                0          5.40M 
265573.25       11296.56M               0       7604.39M      699.33M                0          5.46M 
265573.26       11346.45M               0       7622.72M      699.05M                0          5.46M 
265573.27       11316.82M               0       7486.27M      681.07M                0          5.32M 
265573.28       11397.76M               0       7509.64M      682.02M                0          5.33M 
265573.29       11476.45M               0       7600.79M      691.00M                0          5.40M 
265573.30          11.50G               0       7759.27M      699.22M                0          5.46M 
265573.31       11604.77M               0       7641.55M      690.37M                0          5.39M 
265573.32       11726.02M               0       7738.86M      699.63M                0          5.47M 
265573.33       11431.93M               0       7643.40M      699.71M                0          5.47M 
265573.34       11607.44M               0       7635.66M      690.70M                0          5.40M 
265573.35       11515.04M               0       7603.17M      690.60M                0          5.40M 
265573.36       11247.62M               0       7457.10M      682.11M                0          5.33M 
265573.37       11686.07M               0       7719.89M      699.86M                0          5.47M 
265573.38       11316.53M               0       7543.44M      690.57M                0          5.40M 
265573.39       11440.94M               0       7573.06M      690.96M                0          5.40M 
265573.40        1159.20M               0        555.31M     3456.60M                0         27.01M 
265573.41        1786.48M               0         62.26M       56.89M                0          2.77M 
265573.42        8561.31M               0       5557.00M      536.48M                0          4.19M 
265573.43        8302.15M               0       5362.77M      518.88M                0          4.05M 
265573.44        8694.25M               0       5603.92M      536.17M                0          4.19M 
265573.45        8410.95M               0       5504.98M      536.45M                0          4.19M 
265573.46        8577.12M               0       5635.30M      545.44M                0          4.26M 
265573.47        8802.04M               0       5704.57M      545.21M                0          4.26M 
265573.48        8641.91M               0       5586.59M      536.61M                0          4.19M 
265573.49        8598.88M               0       5512.33M      527.52M                0          4.12M 
265573.50        8456.96M               0       5461.90M      527.76M                0          4.12M 
265573.51        8711.74M               0       5604.88M      536.51M                0          4.19M 
265573.52        8286.90M               0       5403.40M      527.39M                0          4.12M 
265573.53        8744.64M               0       5625.51M      536.57M                0          4.19M 
265573.54        8719.48M               0       5607.47M      536.64M                0          4.19M 
265573.55        8606.42M               0       5569.64M      536.07M                0          4.19M 
265573.56        8971.39M               0       5817.21M      554.34M                0          4.33M 
265573.57        8762.27M               0       5688.27M      545.21M                0          4.26M 
265573.58        8343.84M               0       5437.25M      527.38M                0          4.12M 
265573.59        8446.23M               0       5459.71M      527.28M                0          4.12M 
265573.60        8484.73M               0       5479.01M      527.40M                0          4.12M 
265573.61        8334.55M               0       5480.69M      536.05M                0          4.19M 
265573.62        8665.22M               0       5594.94M      536.36M                0          4.19M 
265573.63        8670.67M               0       5593.53M      536.64M                0          4.19M 
265573.64        8709.12M               0       5607.68M      536.44M                0          4.19M 
265573.65        8757.60M               0       5683.79M      545.16M                0          4.26M 
265573.66        8904.25M               0       5740.08M      545.70M                0          4.26M 
265573.67        8751.50M               0       5624.81M      536.04M                0          4.19M 
265573.68        8656.24M               0       5593.90M      536.15M                0          4.19M 
265573.69        8745.32M               0       5685.35M      545.49M                0          4.26M 
265573.70        8369.18M               0       5503.86M      536.46M                0          4.19M 
265573.71        8456.81M               0       5459.35M      527.63M                0          4.12M 
265573.72        8342.30M               0       5361.27M      518.80M                0          4.05M 
265573.73        8526.95M               0       5553.92M      536.26M                0          4.19M 
265573.74        8664.43M               0       5595.09M      536.85M                0          4.19M 
265573.75        8509.66M               0       5533.88M      536.28M                0          4.19M 
265573.76        8608.67M               0       5513.79M      527.76M                0          4.12M 
265573.77        8752.68M               0       5747.88M      554.23M                0          4.33M 
265573.78        8645.90M               0       5714.03M      554.20M                0          4.33M 
265573.79        8594.13M               0       5576.25M      536.45M                0          4.19M 
265573.80        8842.59M               0       5706.02M      545.33M                0          4.26M 
265573.81        8688.39M               0       5610.19M      536.66M                0          4.19M 
265573.82        1159.20M               0        550.99M     3456.60M                0         27.01M 
265573.83        1786.48M               0         62.23M       56.89M                0          2.74M 
265573.84        7701.46M               0       4864.25M      476.67M                0          3.72M 
265573.85        7774.68M               0       4940.43M      485.69M                0          3.80M 
265573.86        7526.93M               0       4810.84M      477.14M                0          3.73M 
265573.87        7792.89M               0       4961.76M      485.37M                0          3.79M 
265573.88        7407.89M               0       4699.12M      468.17M                0          3.66M 
265573.89        7327.49M               0       4740.85M      476.90M                0          3.73M 
265573.90        8012.46M               0       5152.64M      503.59M                0          3.93M 
265573.91        8156.68M               0       5261.82M      512.40M                0          4.00M 
265573.92        7908.78M               0       5056.52M      494.76M                0          3.87M 
265573.93        7651.52M               0       4909.76M      485.83M                0          3.80M 
265573.94        8074.07M               0       5163.22M      502.93M                0          3.93M 
265573.95        7698.55M               0       4982.21M      494.52M                0          3.86M 
265573.96        7667.25M               0       4852.82M      477.29M                0          3.73M 
265573.97        7817.25M               0       5018.23M      494.02M                0          3.86M 
265573.98        7639.10M               0       4843.76M      476.60M                0          3.72M 
265573.99        7528.64M               0       4869.50M      485.66M                0          3.79M 
265573.100       7423.38M               0       4773.63M      477.10M                0          3.73M 
265573.101       7842.06M               0       5039.68M      494.45M                0          3.86M 
265573.102       7606.76M               0       4826.06M      476.61M                0          3.72M 
265573.103       7663.06M               0       4902.95M      485.35M                0          3.79M 
265573.104       7709.48M               0       4923.35M      485.64M                0          3.79M 
265573.105       7702.62M               0       4922.18M      485.54M                0          3.79M 
265573.106       7310.03M               0       4743.01M      477.08M                0          3.73M 
265573.107       7593.63M               0       4830.36M      476.93M                0          3.73M 
265573.108       7702.48M               0       4920.33M      485.63M                0          3.79M 
265573.109       7627.94M               0       4899.10M      485.13M                0          3.79M 
265573.110       7653.45M               0       4847.53M      476.91M                0          3.73M 
265573.111       7606.00M               0       4827.55M      476.98M                0          3.73M 
265573.112       7815.06M               0       5018.70M      494.24M                0          3.86M 
265573.113       7371.02M               0       4757.35M      477.00M                0          3.73M 
265573.114       7709.58M               0       4861.73M      476.82M                0          3.73M 
265573.115       7764.78M               0       5003.60M      494.31M                0          3.86M 
265573.116       7832.05M               0       5026.31M      495.14M                0          3.87M 
265573.117       7421.74M               0       4776.36M      476.65M                0          3.72M 
265573.118       7321.07M               0       4680.28M      467.81M                0          3.66M 
265573.119       7710.33M               0       4925.68M      485.53M                0          3.79M 
265573.120       7482.54M               0       4734.04M      468.31M                0          3.66M 
265573.121       7576.55M               0       4883.30M      485.67M                0          3.79M 
265573.122       7610.52M               0       4828.29M      476.70M                0          3.72M 
265573.123       7982.43M               0       5075.51M      494.71M                0          3.87M 
265573.124       1159.20M               0        553.38M     3456.60M                0         27.01M 
265573.125       1786.48M               0         62.18M       56.89M                0          2.74M 
265573.126       4687.93M               0       3000.47M      248.00M                0          1.94M 
265573.127                                                                                            
265573.128                                                                                            
265573.129                                                                                            
265573.130                                                                                            
265573.131                                                                                            
265573.132                                                                                            
265573.133                                                                                            
265573.134                                                                                            
265573.135                                                                                            
265573.136                                                                                            
265573.137                                                                                            
265573.138                                                                                            
265573.139                                                                                            
265573.140                                                                                            
265573.141                                                                                            
265573.142                                                                                            
265573.143                                                                                            
265573.144                                                                                            
265573.145                                                                                            
265573.146                                                                                            
265573.147                                                                                            
265573.148                                                                                            
265573.149                                                                                            
265573.150                                                                                            
265573.151                                                                                            
265573.152                                                                                            
265573.153                                                                                            
265573.154                                                                                            
265573.155                                                                                            
265573.156                                                                                            
265573.157                                                                                            
265573.158                                                                                            
265573.159                                                                                            
265573.160                                                                                            
265573.161                                                                                            
265573.162                                                                                            
265573.163                                                                                            
265573.164                                                                                            
265573.165                                                                                            

Job 265573 completed at Fri Dec 3 05:34:55 CET 2021
